Mplus VERSION 8 (Mac)
MUTHEN & MUTHEN
01/03/2018   3:07 PM

INPUT INSTRUCTIONS

  TITLE: test
  DATA: File is d.dat;
  VARIABLE:
  Names are dm_cog_eng dm_beh_eng dm_aff_eng;
  Classes = c(5);
  MODEL:
  %overall%
  [dm_cog_eng dm_beh_eng dm_aff_eng];
  dm_cog_eng dm_beh_eng dm_aff_eng;
  dm_cog_eng WITH dm_beh_eng;
  dm_cog_eng WITH dm_aff_eng;
  dm_beh_eng WITH dm_aff_eng;
  %c#1%
  [dm_cog_eng dm_beh_eng dm_aff_eng];
  dm_cog_eng dm_beh_eng dm_aff_eng;
  dm_cog_eng WITH dm_beh_eng;
  dm_cog_eng WITH dm_aff_eng;
  dm_beh_eng WITH dm_aff_eng;
  %c#2%
  [dm_cog_eng dm_beh_eng dm_aff_eng];
  dm_cog_eng dm_beh_eng dm_aff_eng;
  dm_cog_eng WITH dm_beh_eng;
  dm_cog_eng WITH dm_aff_eng;
  dm_beh_eng WITH dm_aff_eng;
  %c#3%
  [dm_cog_eng dm_beh_eng dm_aff_eng];
  dm_cog_eng dm_beh_eng dm_aff_eng;
  dm_cog_eng WITH dm_beh_eng;
  dm_cog_eng WITH dm_aff_eng;
  dm_beh_eng WITH dm_aff_eng;
  %c#4%
  [dm_cog_eng dm_beh_eng dm_aff_eng];
  dm_cog_eng dm_beh_eng dm_aff_eng;
  dm_cog_eng WITH dm_beh_eng;
  dm_cog_eng WITH dm_aff_eng;
  dm_beh_eng WITH dm_aff_eng;
  %c#5%
  [dm_cog_eng dm_beh_eng dm_aff_eng];
  dm_cog_eng dm_beh_eng dm_aff_eng;
  dm_cog_eng WITH dm_beh_eng;
  dm_cog_eng WITH dm_aff_eng;
  dm_beh_eng WITH dm_aff_eng;
  ANALYSIS:
  Type is mixture;
  start = 100 20
  OUTPUT: TECH1 TECH11;



*** WARNING in VARIABLE command
  Note that only the first 8 characters of variable names are used in the output.
  Shorten variable names to avoid any confusion.
   1 WARNING(S) FOUND IN THE INPUT INSTRUCTIONS



test

SUMMARY OF ANALYSIS

Number of groups                                                 1
Number of observations                                        2958

Number of dependent variables                                    3
Number of independent variables                                  0
Number of continuous latent variables                            0
Number of categorical latent variables                           1

Observed dependent variables

  Continuous
   DM_COG_ENG  DM_BEH_ENG  DM_AFF_ENG

Categorical latent variables
   C


Estimator                                                      MLR
Information matrix                                        OBSERVED
Optimization Specifications for the Quasi-Newton Algorithm for
Continuous Outcomes
  Maximum number of iterations                                 100
  Convergence criterion                                  0.100D-05
Optimization Specifications for the EM Algorithm
  Maximum number of iterations                                 500
  Convergence criteria
    Loglikelihood change                                 0.100D-06
    Relative loglikelihood change                        0.100D-06
    Derivative                                           0.100D-05
Optimization Specifications for the M step of the EM Algorithm for
Categorical Latent variables
  Number of M step iterations                                    1
  M step convergence criterion                           0.100D-05
  Basis for M step termination                           ITERATION
Optimization Specifications for the M step of the EM Algorithm for
Censored, Binary or Ordered Categorical (Ordinal), Unordered
Categorical (Nominal) and Count Outcomes
  Number of M step iterations                                    1
  M step convergence criterion                           0.100D-05
  Basis for M step termination                           ITERATION
  Maximum value for logit thresholds                            15
  Minimum value for logit thresholds                           -15
  Minimum expected cell size for chi-square              0.100D-01
Optimization algorithm                                         EMA
Random Starts Specifications
  Number of initial stage random starts                        100
  Number of final stage optimizations                           20
  Number of initial stage iterations                            10
  Initial stage convergence criterion                    0.100D+01
  Random starts scale                                    0.500D+01
  Random seed for generating random starts                       0

Input data file(s)
  d.dat
Input data format  FREE



UNIVARIATE SAMPLE STATISTICS


     UNIVARIATE HIGHER-ORDER MOMENT DESCRIPTIVE STATISTICS

         Variable/         Mean/     Skewness/   Minimum/ % with                Percentiles
        Sample Size      Variance    Kurtosis    Maximum  Min/Max      20%/60%    40%/80%    Median

     DM_COG_ENG            2.769      -0.354       1.000   16.50%       2.000      3.000      3.000
            2958.000       1.131      -1.119       4.000   31.20%       3.000      4.000
     DM_BEH_ENG            2.864      -0.465       1.000   14.00%       2.000      3.000      3.000
            2958.000       1.089      -0.996       4.000   34.58%       3.000      4.000
     DM_AFF_ENG            2.833      -0.432       1.000   14.91%       2.000      3.000      3.000
            2958.000       1.106      -1.037       4.000   33.43%       3.000      4.000

RANDOM STARTS RESULTS RANKED FROM THE BEST TO THE WORST LOGLIKELIHOOD VALUES

18 perturbed starting value run(s) did not converge in the initial stage
optimizations.

Final stage loglikelihood values at local maxima, seeds, and initial stage start numbers:


Unperturbed starting value run did not converge.

19 perturbed starting value run(s) did not converge.


     THE MODEL ESTIMATION DID NOT TERMINATE NORMALLY DUE TO AN INSUFFICIENT
     NUMBER OF E STEPS.  INCREASE THE NUMBER OF MITERATIONS.  ESTIMATES
     CANNOT BE TRUSTED.






FINAL CLASS COUNTS AND PROPORTIONS FOR THE LATENT CLASSES
BASED ON THE ESTIMATED MODEL

    Latent
   Classes

       1        114.55665          0.03873
       2       1851.38449          0.62589
       3        253.05893          0.08555
       4        598.00000          0.20216
       5        140.99993          0.04767


FINAL CLASS COUNTS AND PROPORTIONS FOR THE LATENT CLASSES
BASED ON ESTIMATED POSTERIOR PROBABILITIES

    Latent
   Classes

       1        114.55665          0.03873
       2       1851.38449          0.62589
       3        253.05893          0.08555
       4        598.00000          0.20216
       5        140.99993          0.04767


FINAL CLASS COUNTS AND PROPORTIONS FOR THE LATENT CLASSES
BASED ON THEIR MOST LIKELY LATENT CLASS MEMBERSHIP

Class Counts and Proportions

    Latent
   Classes

       1               70          0.02366
       2             1876          0.63421
       3              273          0.09229
       4              598          0.20216
       5              141          0.04767


CLASSIFICATION QUALITY

     Entropy                         0.948


Average Latent Class Probabilities for Most Likely Latent Class Membership (Row)
by Latent Class (Column)

           1        2        3        4        5

    1   0.832    0.168    0.000    0.000    0.000
    2   0.030    0.970    0.000    0.000    0.000
    3   0.000    0.073    0.927    0.000    0.000
    4   0.000    0.000    0.000    1.000    0.000
    5   0.000    0.000    0.000    0.000    1.000


Classification Probabilities for the Most Likely Latent Class Membership (Column)
by Latent Class (Row)

           1        2        3        4        5

    1   0.508    0.492    0.000    0.000    0.000
    2   0.006    0.983    0.011    0.000    0.000
    3   0.000    0.000    1.000    0.000    0.000
    4   0.000    0.000    0.000    1.000    0.000
    5   0.000    0.000    0.000    0.000    1.000


Logits for the Classification Probabilities for the Most Likely Latent Class Membership (Column)
by Latent Class (Row)

              1        2        3        4        5

    1     13.139   13.106    0.000    0.000    0.000
    2      8.759   13.798    9.285    0.000    0.000
    3      0.000    3.829   13.815    0.000    0.000
    4      0.000    0.000    0.000   13.816    0.000
    5    -13.816  -13.816  -13.816  -13.816    0.000


MODEL RESULTS

                    Estimate

Latent Class 1

 DM_COG_E WITH
    DM_BEH_ENG         0.072
    DM_AFF_ENG        -0.003

 DM_BEH_E WITH
    DM_AFF_ENG         0.081

 Means
    DM_COG_ENG         3.734
    DM_BEH_ENG         1.985
    DM_AFF_ENG         3.549

 Variances
    DM_COG_ENG         0.198
    DM_BEH_ENG         0.741
    DM_AFF_ENG         0.404

Latent Class 2

 DM_COG_E WITH
    DM_BEH_ENG         0.422
    DM_AFF_ENG         0.330

 DM_BEH_E WITH
    DM_AFF_ENG         0.281

 Means
    DM_COG_ENG         2.438
    DM_BEH_ENG         2.575
    DM_AFF_ENG         2.391

 Variances
    DM_COG_ENG         0.866
    DM_BEH_ENG         0.815
    DM_AFF_ENG         0.785

Latent Class 3

 DM_COG_E WITH
    DM_BEH_ENG         0.080
    DM_AFF_ENG         0.079

 DM_BEH_E WITH
    DM_AFF_ENG         0.037

 Means
    DM_COG_ENG         1.060
    DM_BEH_ENG         1.057
    DM_AFF_ENG         2.094

 Variances
    DM_COG_ENG         0.166
    DM_BEH_ENG         0.045
    DM_AFF_ENG         1.696

Latent Class 4

 DM_COG_E WITH
    DM_BEH_ENG         0.000
    DM_AFF_ENG         0.000

 DM_BEH_E WITH
    DM_AFF_ENG         0.000

 Means
    DM_COG_ENG         4.000
    DM_BEH_ENG         4.000
    DM_AFF_ENG         4.000

 Variances
    DM_COG_ENG         0.000
    DM_BEH_ENG         0.000
    DM_AFF_ENG         0.000

Latent Class 5

 DM_COG_E WITH
    DM_BEH_ENG         0.000
    DM_AFF_ENG         0.000

 DM_BEH_E WITH
    DM_AFF_ENG         0.000

 Means
    DM_COG_ENG         2.867
    DM_BEH_ENG         3.996
    DM_AFF_ENG         4.000

 Variances
    DM_COG_ENG         0.912
    DM_BEH_ENG         0.000
    DM_AFF_ENG         0.000

Categorical Latent Variables

 Means
    C#1               -0.208
    C#2                2.575
    C#3                0.585
    C#4                1.445


MODEL COMMAND WITH FINAL ESTIMATES USED AS STARTING VALUES

     %OVERALL%

     [ c#1*-0.20769 ];
     [ c#2*2.57493 ];
     [ c#3*0.58486 ];
     [ c#4*1.44483 ];

     %C#1%

     dm_cog_eng WITH dm_beh_eng*0.07220;
     dm_cog_eng WITH dm_aff_eng*-0.00261;
     dm_beh_eng WITH dm_aff_eng*0.08054;

     [ dm_cog_eng*3.73359 ];
     [ dm_beh_eng*1.98495 ];
     [ dm_aff_eng*3.54932 ];

     dm_cog_eng*0.19760;
     dm_beh_eng*0.74132;
     dm_aff_eng*0.40440;

     %C#2%

     dm_cog_eng WITH dm_beh_eng*0.42193;
     dm_cog_eng WITH dm_aff_eng*0.33009;
     dm_beh_eng WITH dm_aff_eng*0.28068;

     [ dm_cog_eng*2.43818 ];
     [ dm_beh_eng*2.57457 ];
     [ dm_aff_eng*2.39121 ];

     dm_cog_eng*0.86554;
     dm_beh_eng*0.81532;
     dm_aff_eng*0.78472;

     %C#3%

     dm_cog_eng WITH dm_beh_eng*0.08024;
     dm_cog_eng WITH dm_aff_eng*0.07931;
     dm_beh_eng WITH dm_aff_eng*0.03667;

     [ dm_cog_eng*1.05976 ];
     [ dm_beh_eng*1.05735 ];
     [ dm_aff_eng*2.09424 ];

     dm_cog_eng*0.16622;
     dm_beh_eng*0.04519;
     dm_aff_eng*1.69646;

     %C#4%

     dm_cog_eng WITH dm_beh_eng*0.00000;
     dm_cog_eng WITH dm_aff_eng*0.00000;
     dm_beh_eng WITH dm_aff_eng*0.00000;

     [ dm_cog_eng*4.00000 ];
     [ dm_beh_eng*4.00002 ];
     [ dm_aff_eng*3.99992 ];

     dm_cog_eng*0.00000;
     dm_beh_eng*0.00000;
     dm_aff_eng*0.00000;

     %C#5%

     dm_cog_eng WITH dm_beh_eng*0.00018;
     dm_cog_eng WITH dm_aff_eng*0.00001;
     dm_beh_eng WITH dm_aff_eng*0.00000;

     [ dm_cog_eng*2.86661 ];
     [ dm_beh_eng*3.99610 ];
     [ dm_aff_eng*3.99968 ];

     dm_cog_eng*0.91249;
     dm_beh_eng*0.00002;
     dm_aff_eng*0.00000;



TECHNICAL 1 OUTPUT


     PARAMETER SPECIFICATION FOR LATENT CLASS 1


           NU
              DM_COG_E      DM_BEH_E      DM_AFF_E
              ________      ________      ________
                    1             2             3


           THETA
              DM_COG_E      DM_BEH_E      DM_AFF_E
              ________      ________      ________
 DM_COG_E           4
 DM_BEH_E           5             6
 DM_AFF_E           7             8             9


     PARAMETER SPECIFICATION FOR LATENT CLASS 2


           NU
              DM_COG_E      DM_BEH_E      DM_AFF_E
              ________      ________      ________
                   10            11            12


           THETA
              DM_COG_E      DM_BEH_E      DM_AFF_E
              ________      ________      ________
 DM_COG_E          13
 DM_BEH_E          14            15
 DM_AFF_E          16            17            18


     PARAMETER SPECIFICATION FOR LATENT CLASS 3


           NU
              DM_COG_E      DM_BEH_E      DM_AFF_E
              ________      ________      ________
                   19            20            21


           THETA
              DM_COG_E      DM_BEH_E      DM_AFF_E
              ________      ________      ________
 DM_COG_E          22
 DM_BEH_E          23            24
 DM_AFF_E          25            26            27


     PARAMETER SPECIFICATION FOR LATENT CLASS 4


           NU
              DM_COG_E      DM_BEH_E      DM_AFF_E
              ________      ________      ________
                   28            29            30


           THETA
              DM_COG_E      DM_BEH_E      DM_AFF_E
              ________      ________      ________
 DM_COG_E          31
 DM_BEH_E          32            33
 DM_AFF_E          34            35            36


     PARAMETER SPECIFICATION FOR LATENT CLASS 5


           NU
              DM_COG_E      DM_BEH_E      DM_AFF_E
              ________      ________      ________
                   37            38            39


           THETA
              DM_COG_E      DM_BEH_E      DM_AFF_E
              ________      ________      ________
 DM_COG_E          40
 DM_BEH_E          41            42
 DM_AFF_E          43            44            45


     PARAMETER SPECIFICATION FOR LATENT CLASS REGRESSION MODEL PART


           ALPHA(C)
              C#1           C#2           C#3           C#4           C#5
              ________      ________      ________      ________      ________
                   46            47            48            49             0


     STARTING VALUES FOR LATENT CLASS 1


           NU
              DM_COG_E      DM_BEH_E      DM_AFF_E
              ________      ________      ________
                0.642         0.776         0.730


           THETA
              DM_COG_E      DM_BEH_E      DM_AFF_E
              ________      ________      ________
 DM_COG_E       0.566
 DM_BEH_E       0.000         0.545
 DM_AFF_E       0.000         0.000         0.553


     STARTING VALUES FOR LATENT CLASS 2


           NU
              DM_COG_E      DM_BEH_E      DM_AFF_E
              ________      ________      ________
                1.706         1.820         1.781


           THETA
              DM_COG_E      DM_BEH_E      DM_AFF_E
              ________      ________      ________
 DM_COG_E       0.566
 DM_BEH_E       0.000         0.545
 DM_AFF_E       0.000         0.000         0.553


     STARTING VALUES FOR LATENT CLASS 3


           NU
              DM_COG_E      DM_BEH_E      DM_AFF_E
              ________      ________      ________
                2.769         2.864         2.833


           THETA
              DM_COG_E      DM_BEH_E      DM_AFF_E
              ________      ________      ________
 DM_COG_E       0.566
 DM_BEH_E       0.000         0.545
 DM_AFF_E       0.000         0.000         0.553


     STARTING VALUES FOR LATENT CLASS 4


           NU
              DM_COG_E      DM_BEH_E      DM_AFF_E
              ________      ________      ________
                3.833         3.907         3.885


           THETA
              DM_COG_E      DM_BEH_E      DM_AFF_E
              ________      ________      ________
 DM_COG_E       0.566
 DM_BEH_E       0.000         0.545
 DM_AFF_E       0.000         0.000         0.553


     STARTING VALUES FOR LATENT CLASS 5


           NU
              DM_COG_E      DM_BEH_E      DM_AFF_E
              ________      ________      ________
                4.897         4.951         4.936


           THETA
              DM_COG_E      DM_BEH_E      DM_AFF_E
              ________      ________      ________
 DM_COG_E       0.566
 DM_BEH_E       0.000         0.545
 DM_AFF_E       0.000         0.000         0.553


     STARTING VALUES FOR LATENT CLASS REGRESSION MODEL PART


           ALPHA(C)
              C#1           C#2           C#3           C#4           C#5
              ________      ________      ________      ________      ________
                0.000         0.000         0.000         0.000         0.000


TECHNICAL 11 OUTPUT

     Random Starts Specifications for the k-1 Class Analysis Model
        Number of initial stage random starts                 100
        Number of final stage optimizations                    20



     Beginning Time:  15:07:46
        Ending Time:  15:08:15
       Elapsed Time:  00:00:29



MUTHEN & MUTHEN
3463 Stoner Ave.
Los Angeles, CA  90066

Tel: (310) 391-9971
Fax: (310) 391-8971
Web: www.StatModel.com
Support: Support@StatModel.com

Copyright (c) 1998-2017 Muthen & Muthen
