\BOOKMARK [0][-]{section*.3}{\376\377\000L\000i\000s\000t\000\040\000o\000f\000\040\000T\000a\000b\000l\000e\000s}{}% 1
\BOOKMARK [0][-]{section*.4}{\376\377\000L\000i\000s\000t\000\040\000o\000f\000\040\000F\000i\000g\000u\000r\000e\000s}{}% 2
\BOOKMARK [0][-]{chapter.1}{\376\377\000I\000n\000t\000r\000o\000d\000u\000c\000t\000i\000o\000n}{}% 3
\BOOKMARK [1][-]{section.1.1}{\376\377\000B\000a\000c\000k\000g\000r\000o\000u\000n\000d}{chapter.1}% 4
\BOOKMARK [0][-]{chapter.2}{\376\377\000L\000i\000t\000e\000r\000a\000t\000u\000r\000e\000\040\000R\000e\000v\000i\000e\000w}{}% 5
\BOOKMARK [1][-]{section.2.1}{\376\377\000D\000e\000f\000i\000n\000i\000n\000g\000\040\000W\000o\000r\000k\000\040\000W\000i\000t\000h\000\040\000D\000a\000t\000a}{chapter.2}% 6
\BOOKMARK [1][-]{section.2.2}{\376\377\000W\000h\000a\000t\000\040\000W\000e\000\040\000K\000n\000o\000w\000\040\000\050\000A\000n\000d\000\040\000D\000o\000\040\000N\000o\000t\000\040\000K\000n\000o\000w\000\051\000\040\000A\000b\000o\000u\000t\000\040\000E\000n\000g\000a\000g\000e\000m\000e\000n\000t\000\040\000i\000n\000\040\000W\000o\000r\000k\000\040\000w\000i\000t\000h\000\040\000D\000a\000t\000a}{chapter.2}% 7
\BOOKMARK [1][-]{section.2.3}{\376\377\000E\000n\000g\000a\000g\000e\000m\000e\000n\000t\000\040\000i\000n\000\040\000S\000T\000E\000M\000\040\000D\000o\000m\000a\000i\000n\000s}{chapter.2}% 8
\BOOKMARK [1][-]{section.2.4}{\376\377\000U\000s\000i\000n\000g\000\040\000E\000S\000M\000\040\000t\000o\000\040\000S\000t\000u\000d\000y\000\040\000t\000h\000e\000\040\000D\000y\000n\000a\000m\000i\000c\000s\000\040\000o\000f\000\040\000E\000n\000g\000a\000g\000e\000m\000e\000n\000t}{chapter.2}% 9
\BOOKMARK [1][-]{section.2.5}{\376\377\000A\000\040\000P\000e\000r\000s\000o\000n\000-\000O\000r\000i\000e\000n\000t\000e\000d\000\040\000A\000p\000p\000r\000o\000a\000c\000h\000\040\000t\000o\000\040\000E\000n\000g\000a\000g\000e\000m\000e\000n\000t}{chapter.2}% 10
\BOOKMARK [1][-]{section.2.6}{\376\377\000N\000e\000e\000d\000\040\000f\000o\000r\000\040\000t\000h\000e\000\040\000P\000r\000e\000s\000e\000n\000t\000\040\000S\000t\000u\000d\000y}{chapter.2}% 11
\BOOKMARK [1][-]{section.2.7}{\376\377\000C\000o\000n\000c\000e\000p\000t\000u\000a\000l\000\040\000F\000r\000a\000m\000e\000w\000o\000r\000k}{chapter.2}% 12
\BOOKMARK [1][-]{section.2.8}{\376\377\000R\000e\000s\000e\000a\000r\000c\000h\000\040\000Q\000u\000e\000s\000t\000i\000o\000n\000s}{chapter.2}% 13
\BOOKMARK [0][-]{chapter.3}{\376\377\000M\000e\000t\000h\000o\000d}{}% 14
\BOOKMARK [1][-]{section.3.1}{\376\377\000P\000a\000r\000t\000i\000c\000i\000p\000a\000n\000t\000s}{chapter.3}% 15
\BOOKMARK [1][-]{section.3.2}{\376\377\000C\000o\000n\000t\000e\000x\000t}{chapter.3}% 16
\BOOKMARK [1][-]{section.3.3}{\376\377\000P\000r\000o\000c\000e\000d\000u\000r\000e}{chapter.3}% 17
\BOOKMARK [1][-]{section.3.4}{\376\377\000D\000a\000t\000a\000\040\000S\000o\000u\000r\000c\000e\000s\000\040\000a\000n\000d\000\040\000M\000e\000a\000s\000u\000r\000e\000s}{chapter.3}% 18
\BOOKMARK [1][-]{section.3.5}{\376\377\000D\000a\000t\000a\000\040\000A\000n\000a\000l\000y\000s\000i\000s}{chapter.3}% 19
\BOOKMARK [1][-]{section.3.6}{\376\377\000P\000o\000w\000e\000r\000\040\000A\000n\000a\000l\000y\000s\000i\000s}{chapter.3}% 20
\BOOKMARK [1][-]{section.3.7}{\376\377\000L\000i\000m\000i\000t\000a\000t\000i\000o\000n\000s}{chapter.3}% 21
\BOOKMARK [0][-]{chapter.4}{\376\377\000R\000e\000s\000u\000l\000t\000s}{}% 22
\BOOKMARK [0][-]{chapter.5}{\376\377\000D\000i\000s\000c\000u\000s\000s\000i\000o\000n}{}% 23
\BOOKMARK [0][-]{chapter.6}{\376\377\000D\000i\000s\000c\000u\000s\000s\000i\000o\000n}{}% 24
\BOOKMARK [0][-]{chapter.7}{\376\377\000A\000p\000p\000e\000n\000d\000i\000x}{}% 25
