\BOOKMARK [0][-]{chapter.1}{Placeholder}{}% 1
\BOOKMARK [0][-]{chapter.2}{Abstract}{}% 2
\BOOKMARK [0][-]{chapter.3}{Introduction}{}% 3
\BOOKMARK [0][-]{chapter.4}{Literature\040Review}{}% 4
\BOOKMARK [1][-]{section.4.1}{Defining\040Work\040With\040Data}{chapter.4}% 5
\BOOKMARK [1][-]{section.4.2}{What\040We\040Know\040\(And\040Do\040Not\040Know\)\040About\040Engagement\040in\040Work\040with\040Data}{chapter.4}% 6
\BOOKMARK [1][-]{section.4.3}{Engagement\040in\040STEM\040Domains}{chapter.4}% 7
\BOOKMARK [1][-]{section.4.4}{Using\040ESM\040to\040Study\040the\040Dynamics\040of\040Engagement}{chapter.4}% 8
\BOOKMARK [1][-]{section.4.5}{A\040Person-Oriented\040Approach\040to\040Engagement}{chapter.4}% 9
\BOOKMARK [1][-]{section.4.6}{Need\040for\040the\040Present\040Study}{chapter.4}% 10
\BOOKMARK [1][-]{section.4.7}{Conceptual\040Framework}{chapter.4}% 11
\BOOKMARK [1][-]{section.4.8}{Research\040Questions}{chapter.4}% 12
\BOOKMARK [0][-]{chapter.5}{Method}{}% 13
\BOOKMARK [1][-]{section.5.1}{Participants}{chapter.5}% 14
\BOOKMARK [1][-]{section.5.2}{Context}{chapter.5}% 15
\BOOKMARK [1][-]{section.5.3}{Procedure}{chapter.5}% 16
\BOOKMARK [1][-]{section.5.4}{Data\040Sources\040and\040Measures}{chapter.5}% 17
\BOOKMARK [1][-]{section.5.5}{Data\040Analysis}{chapter.5}% 18
\BOOKMARK [1][-]{section.5.6}{Power\040Analysis}{chapter.5}% 19
\BOOKMARK [1][-]{section.5.7}{Limitations}{chapter.5}% 20
\BOOKMARK [0][-]{chapter.6}{Results}{}% 21
\BOOKMARK [0][-]{chapter.7}{Discussion}{}% 22
\BOOKMARK [0][-]{chapter.8}{Discussion}{}% 23
\BOOKMARK [0][-]{chapter.9}{Appendix}{}% 24
