\BOOKMARK [0][-]{section*.3}{List\040of\040Tables}{}% 1
\BOOKMARK [0][-]{section*.4}{List\040of\040Figures}{}% 2
\BOOKMARK [0][-]{chapter.1}{Introduction}{}% 3
\BOOKMARK [1][-]{section.1.1}{Background}{chapter.1}% 4
\BOOKMARK [0][-]{chapter.2}{Literature\040Review}{}% 5
\BOOKMARK [1][-]{section.2.1}{Defining\040Work\040With\040Data}{chapter.2}% 6
\BOOKMARK [1][-]{section.2.2}{What\040We\040Know\040\(And\040Do\040Not\040Know\)\040About\040Engagement\040in\040Work\040with\040Data}{chapter.2}% 7
\BOOKMARK [1][-]{section.2.3}{Engagement\040in\040STEM\040Domains}{chapter.2}% 8
\BOOKMARK [1][-]{section.2.4}{Using\040ESM\040to\040Study\040the\040Dynamics\040of\040Engagement}{chapter.2}% 9
\BOOKMARK [1][-]{section.2.5}{A\040Person-Oriented\040Approach\040to\040Engagement}{chapter.2}% 10
\BOOKMARK [1][-]{section.2.6}{Need\040for\040the\040Present\040Study}{chapter.2}% 11
\BOOKMARK [1][-]{section.2.7}{Conceptual\040Framework}{chapter.2}% 12
\BOOKMARK [1][-]{section.2.8}{Research\040Questions}{chapter.2}% 13
\BOOKMARK [0][-]{chapter.3}{Method}{}% 14
\BOOKMARK [1][-]{section.3.1}{Participants}{chapter.3}% 15
\BOOKMARK [1][-]{section.3.2}{Context}{chapter.3}% 16
\BOOKMARK [1][-]{section.3.3}{Procedure}{chapter.3}% 17
\BOOKMARK [1][-]{section.3.4}{Data\040Sources\040and\040Measures}{chapter.3}% 18
\BOOKMARK [1][-]{section.3.5}{Data\040Analysis}{chapter.3}% 19
\BOOKMARK [1][-]{section.3.6}{Power\040Analysis}{chapter.3}% 20
\BOOKMARK [1][-]{section.3.7}{Limitations}{chapter.3}% 21
\BOOKMARK [0][-]{chapter.4}{Results}{}% 22
