Mplus VERSION 8 (Mac)
MUTHEN & MUTHEN
12/30/2017   1:15 PM

INPUT INSTRUCTIONS

  TITLE: iris LPA

  DATA:
      File is iris.dat

  VARIABLE:
      Names are Sepal_Length Sepal_Width Petal_Length Petal_Width;
      Classes = c(2) ;

  MODEL:
      %overall%
      [Sepal_Length Sepal_Width Petal_Length Petal_Width];
      Sepal_Length Sepal_Width Petal_Length Petal_Width;
      Sepal_Length WITH Sepal_Width Petal_Length Petal_Width;
      Sepal_Width WITH Petal_Length Petal_Width;
      Petal_Length WITH Petal_Width;

      %c#1%
      [Sepal_Length Sepal_Width Petal_Length Petal_Width];
      Sepal_Length Sepal_Width Petal_Length Petal_Width(1-4);
      Sepal_Length WITH Sepal_Width Petal_Length Petal_Width(5-7);
      Sepal_Width WITH Petal_Length Petal_Width(8-9);
      Petal_Length WITH Petal_Width(10);

      %c#2%
      [Sepal_Length Sepal_Width Petal_Length Petal_Width];
      Sepal_Length Sepal_Width Petal_Length Petal_Width(1-4);
      Sepal_Length WITH Sepal_Width Petal_Length Petal_Width(5-7);
      Sepal_Width WITH Petal_Length Petal_Width(8-9);
      Petal_Length WITH Petal_Width(10);

  ANALYSIS:
      Type is mixture;

  OUTPUT:
      TECH1 TECH8 TECH11;



*** WARNING in DATA command
  Statement not terminated by a semicolon:
  File is iris.dat
*** WARNING in VARIABLE command
  Note that only the first 8 characters of variable names are used in the output.
  Shorten variable names to avoid any confusion.
   2 WARNING(S) FOUND IN THE INPUT INSTRUCTIONS



iris LPA

SUMMARY OF ANALYSIS

Number of groups                                                 1
Number of observations                                         150

Number of dependent variables                                    4
Number of independent variables                                  0
Number of continuous latent variables                            0
Number of categorical latent variables                           1

Observed dependent variables

  Continuous
   SEPAL_LENG  SEPAL_WIDT  PETAL_LENG  PETAL_WIDT

Categorical latent variables
   C


Estimator                                                      MLR
Information matrix                                        OBSERVED
Optimization Specifications for the Quasi-Newton Algorithm for
Continuous Outcomes
  Maximum number of iterations                                 100
  Convergence criterion                                  0.100D-05
Optimization Specifications for the EM Algorithm
  Maximum number of iterations                                 500
  Convergence criteria
    Loglikelihood change                                 0.100D-06
    Relative loglikelihood change                        0.100D-06
    Derivative                                           0.100D-05
Optimization Specifications for the M step of the EM Algorithm for
Categorical Latent variables
  Number of M step iterations                                    1
  M step convergence criterion                           0.100D-05
  Basis for M step termination                           ITERATION
Optimization Specifications for the M step of the EM Algorithm for
Censored, Binary or Ordered Categorical (Ordinal), Unordered
Categorical (Nominal) and Count Outcomes
  Number of M step iterations                                    1
  M step convergence criterion                           0.100D-05
  Basis for M step termination                           ITERATION
  Maximum value for logit thresholds                            15
  Minimum value for logit thresholds                           -15
  Minimum expected cell size for chi-square              0.100D-01
Optimization algorithm                                         EMA
Random Starts Specifications
  Number of initial stage random starts                         20
  Number of final stage optimizations                            4
  Number of initial stage iterations                            10
  Initial stage convergence criterion                    0.100D+01
  Random starts scale                                    0.500D+01
  Random seed for generating random starts                       0

Input data file(s)
  iris.dat
Input data format  FREE



UNIVARIATE SAMPLE STATISTICS


     UNIVARIATE HIGHER-ORDER MOMENT DESCRIPTIVE STATISTICS

         Variable/         Mean/     Skewness/   Minimum/ % with                Percentiles
        Sample Size      Variance    Kurtosis    Maximum  Min/Max      20%/60%    40%/80%    Median

     SEPAL_LENGTH          5.843       0.312       4.300    0.67%       5.000      5.600      5.800
             150.000       0.681      -0.574       7.900    0.67%       6.100      6.500
     SEPAL_WIDTH           3.057       0.316       2.000    0.67%       2.700      3.000      3.000
             150.000       0.189       0.181       4.400    0.67%       3.100      3.400
     PETAL_LENGTH          3.758      -0.272       1.000    0.67%       1.500      3.900      4.350
             150.000       3.096      -1.396       6.900    0.67%       4.600      5.300
     PETAL_WIDTH           1.199      -0.102       0.100    3.33%       0.200      1.100      1.300
             150.000       0.577      -1.336       2.500    2.00%       1.500      1.900

RANDOM STARTS RESULTS RANKED FROM THE BEST TO THE WORST LOGLIKELIHOOD VALUES

Final stage loglikelihood values at local maxima, seeds, and initial stage start numbers:

            -296.448  533738           11
            -296.448  68985            17
            -296.448  unperturbed      0
            -296.448  27071            15



THE BEST LOGLIKELIHOOD VALUE HAS BEEN REPLICATED.  RERUN WITH AT LEAST TWICE THE
RANDOM STARTS TO CHECK THAT THE BEST LOGLIKELIHOOD IS STILL OBTAINED AND REPLICATED.


THE MODEL ESTIMATION TERMINATED NORMALLY



MODEL FIT INFORMATION

Number of Free Parameters                       19

Loglikelihood

          H0 Value                        -296.448
          H0 Scaling Correction Factor      1.0304
            for MLR

Information Criteria

          Akaike (AIC)                     630.895
          Bayesian (BIC)                   688.097
          Sample-Size Adjusted BIC         627.966
            (n* = (n + 2) / 24)



FINAL CLASS COUNTS AND PROPORTIONS FOR THE LATENT CLASSES
BASED ON THE ESTIMATED MODEL

    Latent
   Classes

       1         50.00004          0.33333
       2         99.99996          0.66667


FINAL CLASS COUNTS AND PROPORTIONS FOR THE LATENT CLASSES
BASED ON ESTIMATED POSTERIOR PROBABILITIES

    Latent
   Classes

       1         50.00004          0.33333
       2         99.99996          0.66667


FINAL CLASS COUNTS AND PROPORTIONS FOR THE LATENT CLASSES
BASED ON THEIR MOST LIKELY LATENT CLASS MEMBERSHIP

Class Counts and Proportions

    Latent
   Classes

       1               50          0.33333
       2              100          0.66667


CLASSIFICATION QUALITY

     Entropy                         1.000


Average Latent Class Probabilities for Most Likely Latent Class Membership (Row)
by Latent Class (Column)

           1        2

    1   1.000    0.000
    2   0.000    1.000


Classification Probabilities for the Most Likely Latent Class Membership (Column)
by Latent Class (Row)

           1        2

    1   1.000    0.000
    2   0.000    1.000


Logits for the Classification Probabilities for the Most Likely Latent Class Membership (Column)
by Latent Class (Row)

              1        2

    1     11.903    0.000
    2    -12.706    0.000


MODEL RESULTS

                                                    Two-Tailed
                    Estimate       S.E.  Est./S.E.    P-Value

Latent Class 1

 SEPAL_LE WITH
    SEPAL_WIDT         0.113      0.019      5.805      0.000
    PETAL_LENG         0.305      0.050      6.104      0.000
    PETAL_WIDT         0.114      0.019      6.112      0.000

 SEPAL_WI WITH
    PETAL_LENG         0.098      0.022      4.359      0.000
    PETAL_WIDT         0.056      0.010      5.330      0.000

 PETAL_LE WITH
    PETAL_WIDT         0.193      0.024      8.175      0.000

 Means
    SEPAL_LENG         5.006      0.049    101.442      0.000
    SEPAL_WIDT         3.428      0.053     64.589      0.000
    PETAL_LENG         1.462      0.024     60.137      0.000
    PETAL_WIDT         0.246      0.015     16.674      0.000

 Variances
    SEPAL_LENG         0.331      0.042      7.870      0.000
    SEPAL_WIDT         0.120      0.016      7.574      0.000
    PETAL_LENG         0.460      0.063      7.333      0.000
    PETAL_WIDT         0.123      0.013      9.137      0.000

Latent Class 2

 SEPAL_LE WITH
    SEPAL_WIDT         0.113      0.019      5.805      0.000
    PETAL_LENG         0.305      0.050      6.104      0.000
    PETAL_WIDT         0.114      0.019      6.112      0.000

 SEPAL_WI WITH
    PETAL_LENG         0.098      0.022      4.359      0.000
    PETAL_WIDT         0.056      0.010      5.330      0.000

 PETAL_LE WITH
    PETAL_WIDT         0.193      0.024      8.175      0.000

 Means
    SEPAL_LENG         6.262      0.066     94.947      0.000
    SEPAL_WIDT         2.872      0.033     86.743      0.000
    PETAL_LENG         4.906      0.082     59.719      0.000
    PETAL_WIDT         1.676      0.042     39.652      0.000

 Variances
    SEPAL_LENG         0.331      0.042      7.870      0.000
    SEPAL_WIDT         0.120      0.016      7.574      0.000
    PETAL_LENG         0.460      0.063      7.333      0.000
    PETAL_WIDT         0.123      0.013      9.137      0.000

Categorical Latent Variables

 Means
    C#1               -0.693      0.173     -4.002      0.000


QUALITY OF NUMERICAL RESULTS

     Condition Number for the Information Matrix              0.149E-04
       (ratio of smallest to largest eigenvalue)


TECHNICAL 1 OUTPUT


     PARAMETER SPECIFICATION FOR LATENT CLASS 1


           NU
              SEPAL_LE      SEPAL_WI      PETAL_LE      PETAL_WI
              ________      ________      ________      ________
                    1             2             3             4


           THETA
              SEPAL_LE      SEPAL_WI      PETAL_LE      PETAL_WI
              ________      ________      ________      ________
 SEPAL_LE           5
 SEPAL_WI           6             7
 PETAL_LE           8             9            10
 PETAL_WI          11            12            13            14


     PARAMETER SPECIFICATION FOR LATENT CLASS 2


           NU
              SEPAL_LE      SEPAL_WI      PETAL_LE      PETAL_WI
              ________      ________      ________      ________
                   15            16            17            18


           THETA
              SEPAL_LE      SEPAL_WI      PETAL_LE      PETAL_WI
              ________      ________      ________      ________
 SEPAL_LE           5
 SEPAL_WI           6             7
 PETAL_LE           8             9            10
 PETAL_WI          11            12            13            14


     PARAMETER SPECIFICATION FOR LATENT CLASS REGRESSION MODEL PART


           ALPHA(C)
              C#1           C#2
              ________      ________
                   19             0


     STARTING VALUES FOR LATENT CLASS 1


           NU
              SEPAL_LE      SEPAL_WI      PETAL_LE      PETAL_WI
              ________      ________      ________      ________
                5.018         2.623         1.999         0.440


           THETA
              SEPAL_LE      SEPAL_WI      PETAL_LE      PETAL_WI
              ________      ________      ________      ________
 SEPAL_LE       0.341
 SEPAL_WI       0.000         0.094
 PETAL_LE       0.000         0.000         1.548
 PETAL_WI       0.000         0.000         0.000         0.289


     STARTING VALUES FOR LATENT CLASS 2


           NU
              SEPAL_LE      SEPAL_WI      PETAL_LE      PETAL_WI
              ________      ________      ________      ________
                6.669         3.492         5.517         1.959


           THETA
              SEPAL_LE      SEPAL_WI      PETAL_LE      PETAL_WI
              ________      ________      ________      ________
 SEPAL_LE       0.341
 SEPAL_WI       0.000         0.094
 PETAL_LE       0.000         0.000         1.548
 PETAL_WI       0.000         0.000         0.000         0.289


     STARTING VALUES FOR LATENT CLASS REGRESSION MODEL PART


           ALPHA(C)
              C#1           C#2
              ________      ________
                0.000         0.000


TECHNICAL 11 OUTPUT

     Random Starts Specifications for the k-1 Class Analysis Model
        Number of initial stage random starts                  20
        Number of final stage optimizations                     4



     VUONG-LO-MENDELL-RUBIN LIKELIHOOD RATIO TEST FOR 1 (H0) VERSUS 2 CLASSES

          H0 Loglikelihood Value                         -379.915
          2 Times the Loglikelihood Difference            166.934
          Difference in the Number of Parameters                5
          Mean                                             11.054
          Standard Deviation                                9.531
          P-Value                                          0.0000

     LO-MENDELL-RUBIN ADJUSTED LRT TEST

          Value                                           160.527
          P-Value                                          0.0000


TECHNICAL 8 OUTPUT


  INITIAL STAGE ITERATIONS


  TECHNICAL 8 OUTPUT FOR UNPERTURBED STARTING VALUE SET


  ITER  LOGLIKELIHOOD    ABS CHANGE   REL CHANGE      CLASS COUNTS    ALGORITHM
     1 -0.83804966D+03    0.0000000    0.0000000     76.218    73.782    EM
     2 -0.37069147D+03  467.3581842    0.5576736     74.626    75.374    EM
     3 -0.36575429D+03    4.9371881    0.0133189     70.361    79.639    EM
     4 -0.35952731D+03    6.2269784    0.0170250     64.441    85.559    EM
     5 -0.34867078D+03   10.8565289    0.0301967     57.510    92.490    EM
     6 -0.32569936D+03   22.9714138    0.0658828     51.249    98.751    EM
     7 -0.29818014D+03   27.5192255    0.0844927     50.005    99.995    EM
     8 -0.29644760D+03    1.7325383    0.0058104     50.000   100.000    EM
     9 -0.29644757D+03    0.0000257    0.0000001     50.000   100.000    EM


  TECHNICAL 8 OUTPUT FOR STARTING VALUE SET 1


  ITER  LOGLIKELIHOOD    ABS CHANGE   REL CHANGE      CLASS COUNTS    ALGORITHM
     1 -0.27020291D+04    0.0000000    0.0000000    114.596    35.404    EM
     2 -0.38359846D+03 2318.4306539    0.8580332    115.790    34.210    EM
     3 -0.38008668D+03    3.5117785    0.0091548    116.612    33.388    EM
     4 -0.37863294D+03    1.4537421    0.0038248    117.253    32.747    EM
     5 -0.37707180D+03    1.5611398    0.0041231    117.637    32.363    EM
     6 -0.37477459D+03    2.2972089    0.0060922    117.353    32.647    EM
     7 -0.37111950D+03    3.6550913    0.0097528    115.641    34.359    EM
     8 -0.36453282D+03    6.5866759    0.0177481    111.494    38.506    EM
     9 -0.34936698D+03   15.1658445    0.0416035    104.550    45.450    EM
    10 -0.31502976D+03   34.3372152    0.0982841    100.630    49.370    EM


  TECHNICAL 8 OUTPUT FOR STARTING VALUE SET 2


  ITER  LOGLIKELIHOOD    ABS CHANGE   REL CHANGE      CLASS COUNTS    ALGORITHM
     1 -0.20461683D+04    0.0000000    0.0000000     49.947   100.053    EM
     2 -0.29647269D+03 1749.6956229    0.8551084     50.000   100.000    EM
     3 -0.29644757D+03    0.0251132    0.0000847     50.000   100.000    EM


  TECHNICAL 8 OUTPUT FOR STARTING VALUE SET 3


  ITER  LOGLIKELIHOOD    ABS CHANGE   REL CHANGE      CLASS COUNTS    ALGORITHM
     1 -0.24641109D+04    0.0000000    0.0000000     46.910   103.090    EM
     2 -0.38686045D+03 2077.2504379    0.8430020     46.309   103.691    EM
     3 -0.38305338D+03    3.8070784    0.0098410     45.924   104.076    EM
     4 -0.38175960D+03    1.2937747    0.0033775     45.707   104.293    EM
     5 -0.38114862D+03    0.6109798    0.0016004     45.609   104.391    EM


  TECHNICAL 8 OUTPUT FOR STARTING VALUE SET 4


  ITER  LOGLIKELIHOOD    ABS CHANGE   REL CHANGE      CLASS COUNTS    ALGORITHM
     1 -0.19670212D+04    0.0000000    0.0000000    135.173    14.827    EM
     2 -0.37835334D+03 1588.6678999    0.8076516    134.794    15.206    EM
     3 -0.37717396D+03    1.1793763    0.0031171    134.063    15.937    EM
     4 -0.37670666D+03    0.4672981    0.0012389    133.068    16.932    EM


  TECHNICAL 8 OUTPUT FOR STARTING VALUE SET 5


  ITER  LOGLIKELIHOOD    ABS CHANGE   REL CHANGE      CLASS COUNTS    ALGORITHM
     1 -0.27190084D+04    0.0000000    0.0000000     95.339    54.661    EM
     2 -0.37407551D+03 2344.9329183    0.8624221     93.417    56.583    EM
     3 -0.37309576D+03    0.9797501    0.0026191     92.174    57.826    EM


  TECHNICAL 8 OUTPUT FOR STARTING VALUE SET 6


  ITER  LOGLIKELIHOOD    ABS CHANGE   REL CHANGE      CLASS COUNTS    ALGORITHM
     1 -0.29840035D+04    0.0000000    0.0000000     24.208   125.792    EM
     2 -0.38408321D+03 2599.9203072    0.8712859     23.702   126.298    EM
     3 -0.38127859D+03    2.8046214    0.0073021     22.936   127.064    EM
     4 -0.38047260D+03    0.8059937    0.0021139     22.171   127.829    EM


  TECHNICAL 8 OUTPUT FOR STARTING VALUE SET 7


  ITER  LOGLIKELIHOOD    ABS CHANGE   REL CHANGE      CLASS COUNTS    ALGORITHM
     1 -0.24385914D+04    0.0000000    0.0000000     30.262   119.738    EM
     2 -0.38427201D+03 2054.3193874    0.8424205     30.325   119.675    EM
     3 -0.38181059D+03    2.4614221    0.0064054     30.001   119.999    EM
     4 -0.38098617D+03    0.8244220    0.0021592     29.550   120.450    EM


  TECHNICAL 8 OUTPUT FOR STARTING VALUE SET 8


  ITER  LOGLIKELIHOOD    ABS CHANGE   REL CHANGE      CLASS COUNTS    ALGORITHM
     1 -0.16014930D+04    0.0000000    0.0000000     84.519    65.481    EM
     2 -0.38281486D+03 1218.6781057    0.7609638     84.375    65.625    EM
     3 -0.38001095D+03    2.8039017    0.0073244     84.476    65.524    EM
     4 -0.37913230D+03    0.8786515    0.0023122     84.746    65.254    EM


  TECHNICAL 8 OUTPUT FOR STARTING VALUE SET 9


  ITER  LOGLIKELIHOOD    ABS CHANGE   REL CHANGE      CLASS COUNTS    ALGORITHM
     1 -0.17578920D+04    0.0000000    0.0000000     22.407   127.593    EM
     2 -0.38591904D+03 1371.9730128    0.7804649     22.364   127.636    EM
     3 -0.38196415D+03    3.9548818    0.0102480     22.139   127.861    EM
     4 -0.38084551D+03    1.1186386    0.0029286     21.878   128.122    EM
     5 -0.38037517D+03    0.4703464    0.0012350     21.614   128.386    EM


  TECHNICAL 8 OUTPUT FOR STARTING VALUE SET 10


  ITER  LOGLIKELIHOOD    ABS CHANGE   REL CHANGE      CLASS COUNTS    ALGORITHM
     1 -0.13988495D+04    0.0000000    0.0000000    132.114    17.886    EM
     2 -0.38042124D+03 1018.4282470    0.7280471    130.398    19.602    EM
     3 -0.37867326D+03    1.7479744    0.0045948    128.854    21.146    EM
     4 -0.37798313D+03    0.6901343    0.0018225    127.399    22.601    EM


  TECHNICAL 8 OUTPUT FOR STARTING VALUE SET 11


  ITER  LOGLIKELIHOOD    ABS CHANGE   REL CHANGE      CLASS COUNTS    ALGORITHM
     1 -0.36147149D+04    0.0000000    0.0000000     76.350    73.650    EM
     2 -0.36960488D+03 3245.1099855    0.8977499     72.302    77.698    EM
     3 -0.36433673D+03    5.2681421    0.0142534     66.837    83.163    EM
     4 -0.35477367D+03    9.5630677    0.0262479     59.328    90.672    EM
     5 -0.33253569D+03   22.2379809    0.0626822     52.078    97.922    EM
     6 -0.30085649D+03   31.6791907    0.0952655     50.018    99.982    EM
     7 -0.29644797D+03    4.4085282    0.0146533     50.000   100.000    EM
     8 -0.29644757D+03    0.0003917    0.0000013     50.000   100.000    EM


  TECHNICAL 8 OUTPUT FOR STARTING VALUE SET 12


  ITER  LOGLIKELIHOOD    ABS CHANGE   REL CHANGE      CLASS COUNTS    ALGORITHM
     1 -0.17076523D+04    0.0000000    0.0000000     73.333    76.667    EM
     2 -0.36494625D+03 1342.7060448    0.7862877     68.164    81.836    EM
     3 -0.35631660D+03    8.6296561    0.0236464     61.607    88.393    EM
     4 -0.34094357D+03   15.3730220    0.0431443     54.366    95.634    EM
     5 -0.31093180D+03   30.0117741    0.0880256     50.218    99.782    EM
     6 -0.29650745D+03   14.4243536    0.0463907     50.000   100.000    EM
     7 -0.29644757D+03    0.0598724    0.0002019     50.000   100.000    EM


  TECHNICAL 8 OUTPUT FOR STARTING VALUE SET 13


  ITER  LOGLIKELIHOOD    ABS CHANGE   REL CHANGE      CLASS COUNTS    ALGORITHM
     1 -0.21095959D+04    0.0000000    0.0000000     34.592   115.408    EM
     2 -0.38610080D+03 1723.4951321    0.8169788     35.093   114.907    EM
     3 -0.38268895D+03    3.4118567    0.0088367     35.024   114.976    EM
     4 -0.38153762D+03    1.1513259    0.0030085     34.731   115.269    EM
     5 -0.38098072D+03    0.5569018    0.0014596     34.343   115.657    EM


  TECHNICAL 8 OUTPUT FOR STARTING VALUE SET 14


  ITER  LOGLIKELIHOOD    ABS CHANGE   REL CHANGE      CLASS COUNTS    ALGORITHM
     1 -0.28040783D+04    0.0000000    0.0000000     43.649   106.351    EM
     2 -0.38709127D+03 2416.9870666    0.8619542     44.888   105.112    EM
     3 -0.38241713D+03    4.6741425    0.0120750     45.947   104.053    EM
     4 -0.38102120D+03    1.3959264    0.0036503     46.880   103.120    EM
     5 -0.38036932D+03    0.6518876    0.0017109     47.712   102.288    EM


  TECHNICAL 8 OUTPUT FOR STARTING VALUE SET 15


  ITER  LOGLIKELIHOOD    ABS CHANGE   REL CHANGE      CLASS COUNTS    ALGORITHM
     1 -0.20268257D+04    0.0000000    0.0000000     57.414    92.586    EM
     2 -0.32728990D+03 1699.5357861    0.8385209     51.498    98.502    EM
     3 -0.29892830D+03   28.3616018    0.0866559     50.008    99.992    EM
     4 -0.29644765D+03    2.4806497    0.0082985     50.000   100.000    EM
     5 -0.29644757D+03    0.0000709    0.0000002     50.000   100.000    EM


  TECHNICAL 8 OUTPUT FOR STARTING VALUE SET 16


  ITER  LOGLIKELIHOOD    ABS CHANGE   REL CHANGE      CLASS COUNTS    ALGORITHM
     1 -0.19865596D+04    0.0000000    0.0000000     22.344   127.656    EM
     2 -0.38373299D+03 1602.8265811    0.8068354     22.062   127.938    EM
     3 -0.38122287D+03    2.5101221    0.0065413     21.667   128.333    EM
     4 -0.38045238D+03    0.7704888    0.0020211     21.233   128.767    EM


  TECHNICAL 8 OUTPUT FOR STARTING VALUE SET 17


  ITER  LOGLIKELIHOOD    ABS CHANGE   REL CHANGE      CLASS COUNTS    ALGORITHM
     1 -0.20567811D+04    0.0000000    0.0000000     48.922   101.078    EM
     2 -0.29866697D+03 1758.1141640    0.8547891     49.974   100.026    EM
     3 -0.29644925D+03    2.2177199    0.0074254     50.000   100.000    EM
     4 -0.29644757D+03    0.0016720    0.0000056     50.000   100.000    EM


  TECHNICAL 8 OUTPUT FOR STARTING VALUE SET 18


  ITER  LOGLIKELIHOOD    ABS CHANGE   REL CHANGE      CLASS COUNTS    ALGORITHM
     1 -0.17121577D+04    0.0000000    0.0000000    136.349    13.651    EM
     2 -0.37990731D+03 1332.2504071    0.7781120    135.368    14.632    EM
     3 -0.37616460D+03    3.7427127    0.0098516    133.557    16.443    EM
     4 -0.37137204D+03    4.7925623    0.0127406    131.857    18.143    EM
     5 -0.36646040D+03    4.9116349    0.0132256    130.703    19.297    EM
     6 -0.36424834D+03    2.2120621    0.0060363    129.555    20.445    EM
     7 -0.36357093D+03    0.6774077    0.0018597    128.345    21.655    EM


  TECHNICAL 8 OUTPUT FOR STARTING VALUE SET 19


  ITER  LOGLIKELIHOOD    ABS CHANGE   REL CHANGE      CLASS COUNTS    ALGORITHM
     1 -0.23470307D+04    0.0000000    0.0000000    107.452    42.548    EM
     2 -0.38379262D+03 1963.2380545    0.8364774    108.000    42.000    EM
     3 -0.38042910D+03    3.3635145    0.0087639    108.164    41.836    EM
     4 -0.37910132D+03    1.3277843    0.0034902    108.376    41.624    EM
     5 -0.37766496D+03    1.4363607    0.0037889    108.809    41.191    EM
     6 -0.37514092D+03    2.5240359    0.0066833    109.335    40.665    EM
     7 -0.36984173D+03    5.2991920    0.0141259    109.043    40.957    EM
     8 -0.35784786D+03   11.9938749    0.0324298    105.875    44.125    EM
     9 -0.32921283D+03   28.6350247    0.0800201    101.192    48.808    EM
    10 -0.29906400D+03   30.1488300    0.0915785    100.029    49.971    EM


  TECHNICAL 8 OUTPUT FOR STARTING VALUE SET 20


  ITER  LOGLIKELIHOOD    ABS CHANGE   REL CHANGE      CLASS COUNTS    ALGORITHM
     1 -0.34707214D+04    0.0000000    0.0000000    119.178    30.822    EM
     2 -0.37821644D+03 3092.5049680    0.8910266    119.512    30.488    EM
     3 -0.37323310D+03    4.9833375    0.0131759    120.366    29.634    EM
     4 -0.36941109D+03    3.8220043    0.0102403    121.284    28.716    EM
     5 -0.36611542D+03    3.2956764    0.0089214    121.928    28.072    EM
     6 -0.36353725D+03    2.5781638    0.0070419    121.995    28.005    EM
     7 -0.36206623D+03    1.4710224    0.0040464    121.439    28.561    EM
     8 -0.36143421D+03    0.6320215    0.0017456    120.552    29.448    EM


  FINAL STAGE ITERATIONS


  TECHNICAL 8 OUTPUT FOR UNPERTURBED STARTING VALUE SET


     9 -0.29644757D+03    0.0000257    0.0000001     50.000   100.000    EM
    10 -0.29644757D+03    0.0000000    0.0000000     50.000   100.000    EM


  TECHNICAL 8 OUTPUT FOR STARTING VALUE SET 15


     5 -0.29644757D+03    0.0000709    0.0000002     50.000   100.000    EM
     6 -0.29644757D+03    0.0000000    0.0000000     50.000   100.000    EM


  TECHNICAL 8 OUTPUT FOR STARTING VALUE SET 11


     8 -0.29644757D+03    0.0003917    0.0000013     50.000   100.000    EM
     9 -0.29644757D+03    0.0000000    0.0000000     50.000   100.000    EM


  TECHNICAL 8 OUTPUT FOR STARTING VALUE SET 17


     4 -0.29644757D+03    0.0016720    0.0000056     50.000   100.000    EM
     5 -0.29644757D+03    0.0000000    0.0000000     50.000   100.000    EM


  TECHNICAL 8 OUTPUT FOR THE H0 MODEL WITH ONE LESS CLASS


  INITIAL STAGE ITERATIONS


  TECHNICAL 8 OUTPUT FOR UNPERTURBED STARTING VALUE SET


  ITER  LOGLIKELIHOOD    ABS CHANGE   REL CHANGE      CLASS COUNTS    ALGORITHM
     1 -0.13111480D+04    0.0000000    0.0000000      0.000   150.000    EM
     2 -0.37991463D+03  931.2333341    0.7102427      0.000   150.000    EM
     3 -0.37991463D+03    0.0000000    0.0000000      0.000   150.000    EM


  TECHNICAL 8 OUTPUT FOR STARTING VALUE SET 1


  ITER  LOGLIKELIHOOD    ABS CHANGE   REL CHANGE      CLASS COUNTS    ALGORITHM
     1 -0.40673531D+04    0.0000000    0.0000000      0.000   150.000    EM
     2 -0.37991463D+03 3687.4384684    0.9065941      0.000   150.000    EM
     3 -0.37991463D+03    0.0000000    0.0000000      0.000   150.000    EM


  TECHNICAL 8 OUTPUT FOR STARTING VALUE SET 2


  ITER  LOGLIKELIHOOD    ABS CHANGE   REL CHANGE      CLASS COUNTS    ALGORITHM
     1 -0.52058313D+04    0.0000000    0.0000000      0.000   150.000    EM
     2 -0.37991463D+03 4825.9166338    0.9270213      0.000   150.000    EM
     3 -0.37991463D+03    0.0000000    0.0000000      0.000   150.000    EM


  TECHNICAL 8 OUTPUT FOR STARTING VALUE SET 3


  ITER  LOGLIKELIHOOD    ABS CHANGE   REL CHANGE      CLASS COUNTS    ALGORITHM
     1 -0.10505923D+05    0.0000000    0.0000000      0.000   150.000    EM
     2 -0.37991463D+03 ************    0.9638381      0.000   150.000    EM
     3 -0.37991463D+03    0.0000000    0.0000000      0.000   150.000    EM


  TECHNICAL 8 OUTPUT FOR STARTING VALUE SET 4


  ITER  LOGLIKELIHOOD    ABS CHANGE   REL CHANGE      CLASS COUNTS    ALGORITHM
     1 -0.11206754D+05    0.0000000    0.0000000      0.000   150.000    EM
     2 -0.37991463D+03 ************    0.9660995      0.000   150.000    EM
     3 -0.37991463D+03    0.0000000    0.0000000      0.000   150.000    EM


  TECHNICAL 8 OUTPUT FOR STARTING VALUE SET 5


  ITER  LOGLIKELIHOOD    ABS CHANGE   REL CHANGE      CLASS COUNTS    ALGORITHM
     1 -0.70172035D+04    0.0000000    0.0000000      0.000   150.000    EM
     2 -0.37991463D+03 6637.2888237    0.9458595      0.000   150.000    EM
     3 -0.37991463D+03    0.0000000    0.0000000      0.000   150.000    EM


  TECHNICAL 8 OUTPUT FOR STARTING VALUE SET 6


  ITER  LOGLIKELIHOOD    ABS CHANGE   REL CHANGE      CLASS COUNTS    ALGORITHM
     1 -0.45958980D+04    0.0000000    0.0000000      0.000   150.000    EM
     2 -0.37991463D+03 4215.9833427    0.9173361      0.000   150.000    EM
     3 -0.37991463D+03    0.0000000    0.0000000      0.000   150.000    EM


  TECHNICAL 8 OUTPUT FOR STARTING VALUE SET 7


  ITER  LOGLIKELIHOOD    ABS CHANGE   REL CHANGE      CLASS COUNTS    ALGORITHM
     1 -0.67625152D+04    0.0000000    0.0000000      0.000   150.000    EM
     2 -0.37991463D+03 6382.6005321    0.9438205      0.000   150.000    EM
     3 -0.37991463D+03    0.0000000    0.0000000      0.000   150.000    EM


  TECHNICAL 8 OUTPUT FOR STARTING VALUE SET 8


  ITER  LOGLIKELIHOOD    ABS CHANGE   REL CHANGE      CLASS COUNTS    ALGORITHM
     1 -0.26093628D+04    0.0000000    0.0000000      0.000   150.000    EM
     2 -0.37991463D+03 2229.4481823    0.8544033      0.000   150.000    EM
     3 -0.37991463D+03    0.0000000    0.0000000      0.000   150.000    EM


  TECHNICAL 8 OUTPUT FOR STARTING VALUE SET 9


  ITER  LOGLIKELIHOOD    ABS CHANGE   REL CHANGE      CLASS COUNTS    ALGORITHM
     1 -0.11856294D+04    0.0000000    0.0000000      0.000   150.000    EM
     2 -0.37991463D+03  805.7147916    0.6795671      0.000   150.000    EM
     3 -0.37991463D+03    0.0000000    0.0000000      0.000   150.000    EM


  TECHNICAL 8 OUTPUT FOR STARTING VALUE SET 10


  ITER  LOGLIKELIHOOD    ABS CHANGE   REL CHANGE      CLASS COUNTS    ALGORITHM
     1 -0.97394377D+04    0.0000000    0.0000000      0.000   150.000    EM
     2 -0.37991463D+03 9359.5230997    0.9609921      0.000   150.000    EM
     3 -0.37991463D+03    0.0000000    0.0000000      0.000   150.000    EM


  TECHNICAL 8 OUTPUT FOR STARTING VALUE SET 11


  ITER  LOGLIKELIHOOD    ABS CHANGE   REL CHANGE      CLASS COUNTS    ALGORITHM
     1 -0.26791982D+05    0.0000000    0.0000000      0.000   150.000    EM
     2 -0.37991463D+03 ************    0.9858198      0.000   150.000    EM
     3 -0.37991463D+03    0.0000000    0.0000000      0.000   150.000    EM


  TECHNICAL 8 OUTPUT FOR STARTING VALUE SET 12


  ITER  LOGLIKELIHOOD    ABS CHANGE   REL CHANGE      CLASS COUNTS    ALGORITHM
     1 -0.47440021D+04    0.0000000    0.0000000      0.000   150.000    EM
     2 -0.37991463D+03 4364.0875109    0.9199169      0.000   150.000    EM
     3 -0.37991463D+03    0.0000000    0.0000000      0.000   150.000    EM


  TECHNICAL 8 OUTPUT FOR STARTING VALUE SET 13


  ITER  LOGLIKELIHOOD    ABS CHANGE   REL CHANGE      CLASS COUNTS    ALGORITHM
     1 -0.78277421D+04    0.0000000    0.0000000      0.000   150.000    EM
     2 -0.37991463D+03 7447.8275169    0.9514656      0.000   150.000    EM
     3 -0.37991463D+03    0.0000000    0.0000000      0.000   150.000    EM


  TECHNICAL 8 OUTPUT FOR STARTING VALUE SET 14


  ITER  LOGLIKELIHOOD    ABS CHANGE   REL CHANGE      CLASS COUNTS    ALGORITHM
     1 -0.21936915D+04    0.0000000    0.0000000      0.000   150.000    EM
     2 -0.37991463D+03 1813.7768966    0.8268149      0.000   150.000    EM
     3 -0.37991463D+03    0.0000000    0.0000000      0.000   150.000    EM


  TECHNICAL 8 OUTPUT FOR STARTING VALUE SET 15


  ITER  LOGLIKELIHOOD    ABS CHANGE   REL CHANGE      CLASS COUNTS    ALGORITHM
     1 -0.71532899D+04    0.0000000    0.0000000      0.000   150.000    EM
     2 -0.37991463D+03 6773.3752900    0.9468895      0.000   150.000    EM
     3 -0.37991463D+03    0.0000000    0.0000000      0.000   150.000    EM


  TECHNICAL 8 OUTPUT FOR STARTING VALUE SET 16


  ITER  LOGLIKELIHOOD    ABS CHANGE   REL CHANGE      CLASS COUNTS    ALGORITHM
     1 -0.11301463D+05    0.0000000    0.0000000      0.000   150.000    EM
     2 -0.37991463D+03 ************    0.9663836      0.000   150.000    EM
     3 -0.37991463D+03    0.0000000    0.0000000      0.000   150.000    EM


  TECHNICAL 8 OUTPUT FOR STARTING VALUE SET 17


  ITER  LOGLIKELIHOOD    ABS CHANGE   REL CHANGE      CLASS COUNTS    ALGORITHM
     1 -0.47017871D+04    0.0000000    0.0000000      0.000   150.000    EM
     2 -0.37991463D+03 4321.8724264    0.9191978      0.000   150.000    EM
     3 -0.37991463D+03    0.0000000    0.0000000      0.000   150.000    EM


  TECHNICAL 8 OUTPUT FOR STARTING VALUE SET 18


  ITER  LOGLIKELIHOOD    ABS CHANGE   REL CHANGE      CLASS COUNTS    ALGORITHM
     1 -0.30320979D+04    0.0000000    0.0000000      0.000   150.000    EM
     2 -0.37991463D+03 2652.1832609    0.8747024      0.000   150.000    EM
     3 -0.37991463D+03    0.0000000    0.0000000      0.000   150.000    EM


  TECHNICAL 8 OUTPUT FOR STARTING VALUE SET 19


  ITER  LOGLIKELIHOOD    ABS CHANGE   REL CHANGE      CLASS COUNTS    ALGORITHM
     1 -0.66192188D+04    0.0000000    0.0000000      0.000   150.000    EM
     2 -0.37991463D+03 6239.3041208    0.9426043      0.000   150.000    EM
     3 -0.37991463D+03    0.0000000    0.0000000      0.000   150.000    EM


  TECHNICAL 8 OUTPUT FOR STARTING VALUE SET 20


  ITER  LOGLIKELIHOOD    ABS CHANGE   REL CHANGE      CLASS COUNTS    ALGORITHM
     1 -0.95899879D+04    0.0000000    0.0000000      0.000   150.000    EM
     2 -0.37991463D+03 9210.0732926    0.9603842      0.000   150.000    EM
     3 -0.37991463D+03    0.0000000    0.0000000      0.000   150.000    EM


  FINAL STAGE ITERATIONS


  TECHNICAL 8 OUTPUT FOR UNPERTURBED STARTING VALUE SET


     3 -0.37991463D+03    0.0000000    0.0000000      0.000   150.000    EM
     4 -0.37991463D+03    0.0000000    0.0000000      0.000   150.000    EM


  TECHNICAL 8 OUTPUT FOR STARTING VALUE SET 4


     3 -0.37991463D+03    0.0000000    0.0000000      0.000   150.000    EM
     4 -0.37991463D+03    0.0000000    0.0000000      0.000   150.000    EM


  TECHNICAL 8 OUTPUT FOR STARTING VALUE SET 12


     3 -0.37991463D+03    0.0000000    0.0000000      0.000   150.000    EM
     4 -0.37991463D+03    0.0000000    0.0000000      0.000   150.000    EM


  TECHNICAL 8 OUTPUT FOR STARTING VALUE SET 6


     3 -0.37991463D+03    0.0000000    0.0000000      0.000   150.000    EM
     4 -0.37991463D+03    0.0000000    0.0000000      0.000   150.000    EM


     Beginning Time:  13:15:44
        Ending Time:  13:15:44
       Elapsed Time:  00:00:00



MUTHEN & MUTHEN
3463 Stoner Ave.
Los Angeles, CA  90066

Tel: (310) 391-9971
Fax: (310) 391-8971
Web: www.StatModel.com
Support: Support@StatModel.com

Copyright (c) 1998-2017 Muthen & Muthen
