Mplus VERSION 8 (Mac)
MUTHEN & MUTHEN
12/30/2017   1:15 PM

INPUT INSTRUCTIONS

  TITLE: iris LPA

  DATA:
      File is iris.dat;

  VARIABLE:
      Names are Sepal_Length Sepal_Width Petal_Length Petal_Width;
      Classes = c(2);

  MODEL:
      %overall%
      [Sepal_Length Sepal_Width Petal_Length Petal_Width];
      Sepal_Length Sepal_Width Petal_Length Petal_Width;
      Sepal_Length WITH Sepal_Width Petal_Length Petal_Width;
      Sepal_Width WITH Petal_Length Petal_Width;
      Petal_Length WITH Petal_Width;

      %c#1%
      [Sepal_Length Sepal_Width Petal_Length Petal_Width];
      Sepal_Length Sepal_Width Petal_Length Petal_Width;
      Sepal_Length WITH Sepal_Width Petal_Length Petal_Width;
      Sepal_Width WITH Petal_Length Petal_Width;
      Petal_Length WITH Petal_Width;

      %c#2%
      [Sepal_Length Sepal_Width Petal_Length Petal_Width];
      Sepal_Length Sepal_Width Petal_Length Petal_Width;
      Sepal_Length WITH Sepal_Width Petal_Length Petal_Width;
      Sepal_Width WITH Petal_Length Petal_Width;
      Petal_Length WITH Petal_Width;

  ANALYSIS:
      Type is mixture;

  OUTPUT:
      TECH1 TECH8 TECH11;



*** WARNING in VARIABLE command
  Note that only the first 8 characters of variable names are used in the output.
  Shorten variable names to avoid any confusion.
   1 WARNING(S) FOUND IN THE INPUT INSTRUCTIONS



iris LPA

SUMMARY OF ANALYSIS

Number of groups                                                 1
Number of observations                                         150

Number of dependent variables                                    4
Number of independent variables                                  0
Number of continuous latent variables                            0
Number of categorical latent variables                           1

Observed dependent variables

  Continuous
   SEPAL_LENG  SEPAL_WIDT  PETAL_LENG  PETAL_WIDT

Categorical latent variables
   C


Estimator                                                      MLR
Information matrix                                        OBSERVED
Optimization Specifications for the Quasi-Newton Algorithm for
Continuous Outcomes
  Maximum number of iterations                                 100
  Convergence criterion                                  0.100D-05
Optimization Specifications for the EM Algorithm
  Maximum number of iterations                                 500
  Convergence criteria
    Loglikelihood change                                 0.100D-06
    Relative loglikelihood change                        0.100D-06
    Derivative                                           0.100D-05
Optimization Specifications for the M step of the EM Algorithm for
Categorical Latent variables
  Number of M step iterations                                    1
  M step convergence criterion                           0.100D-05
  Basis for M step termination                           ITERATION
Optimization Specifications for the M step of the EM Algorithm for
Censored, Binary or Ordered Categorical (Ordinal), Unordered
Categorical (Nominal) and Count Outcomes
  Number of M step iterations                                    1
  M step convergence criterion                           0.100D-05
  Basis for M step termination                           ITERATION
  Maximum value for logit thresholds                            15
  Minimum value for logit thresholds                           -15
  Minimum expected cell size for chi-square              0.100D-01
Optimization algorithm                                         EMA
Random Starts Specifications
  Number of initial stage random starts                         20
  Number of final stage optimizations                            4
  Number of initial stage iterations                            10
  Initial stage convergence criterion                    0.100D+01
  Random starts scale                                    0.500D+01
  Random seed for generating random starts                       0

Input data file(s)
  iris.dat
Input data format  FREE



UNIVARIATE SAMPLE STATISTICS


     UNIVARIATE HIGHER-ORDER MOMENT DESCRIPTIVE STATISTICS

         Variable/         Mean/     Skewness/   Minimum/ % with                Percentiles
        Sample Size      Variance    Kurtosis    Maximum  Min/Max      20%/60%    40%/80%    Median

     SEPAL_LENGTH          5.843       0.312       4.300    0.67%       5.000      5.600      5.800
             150.000       0.681      -0.574       7.900    0.67%       6.100      6.500
     SEPAL_WIDTH           3.057       0.316       2.000    0.67%       2.700      3.000      3.000
             150.000       0.189       0.181       4.400    0.67%       3.100      3.400
     PETAL_LENGTH          3.758      -0.272       1.000    0.67%       1.500      3.900      4.350
             150.000       3.096      -1.396       6.900    0.67%       4.600      5.300
     PETAL_WIDTH           1.199      -0.102       0.100    3.33%       0.200      1.100      1.300
             150.000       0.577      -1.336       2.500    2.00%       1.500      1.900

RANDOM STARTS RESULTS RANKED FROM THE BEST TO THE WORST LOGLIKELIHOOD VALUES

Final stage loglikelihood values at local maxima, seeds, and initial stage start numbers:

            -214.355  27071            15
            -214.355  unperturbed      0
            -214.355  107446           12
            -214.355  533738           11



THE BEST LOGLIKELIHOOD VALUE HAS BEEN REPLICATED.  RERUN WITH AT LEAST TWICE THE
RANDOM STARTS TO CHECK THAT THE BEST LOGLIKELIHOOD IS STILL OBTAINED AND REPLICATED.


THE MODEL ESTIMATION TERMINATED NORMALLY



MODEL FIT INFORMATION

Number of Free Parameters                       29

Loglikelihood

          H0 Value                        -214.355
          H0 Scaling Correction Factor      1.0324
            for MLR

Information Criteria

          Akaike (AIC)                     486.709
          Bayesian (BIC)                   574.018
          Sample-Size Adjusted BIC         482.238
            (n* = (n + 2) / 24)



FINAL CLASS COUNTS AND PROPORTIONS FOR THE LATENT CLASSES
BASED ON THE ESTIMATED MODEL

    Latent
   Classes

       1         49.99937          0.33333
       2        100.00063          0.66667


FINAL CLASS COUNTS AND PROPORTIONS FOR THE LATENT CLASSES
BASED ON ESTIMATED POSTERIOR PROBABILITIES

    Latent
   Classes

       1         49.99937          0.33333
       2        100.00063          0.66667


FINAL CLASS COUNTS AND PROPORTIONS FOR THE LATENT CLASSES
BASED ON THEIR MOST LIKELY LATENT CLASS MEMBERSHIP

Class Counts and Proportions

    Latent
   Classes

       1               50          0.33333
       2              100          0.66667


CLASSIFICATION QUALITY

     Entropy                         1.000


Average Latent Class Probabilities for Most Likely Latent Class Membership (Row)
by Latent Class (Column)

           1        2

    1   1.000    0.000
    2   0.000    1.000


Classification Probabilities for the Most Likely Latent Class Membership (Column)
by Latent Class (Row)

           1        2

    1   1.000    0.000
    2   0.000    1.000


Logits for the Classification Probabilities for the Most Likely Latent Class Membership (Column)
by Latent Class (Row)

              1        2

    1     13.816    0.000
    2    -11.970    0.000


MODEL RESULTS

                                                    Two-Tailed
                    Estimate       S.E.  Est./S.E.    P-Value

Latent Class 1

 SEPAL_LE WITH
    SEPAL_WIDT         0.097      0.022      4.469      0.000
    PETAL_LENG         0.016      0.010      1.655      0.098
    PETAL_WIDT         0.010      0.004      2.486      0.013

 SEPAL_WI WITH
    PETAL_LENG         0.011      0.008      1.418      0.156
    PETAL_WIDT         0.009      0.005      1.763      0.078

 PETAL_LE WITH
    PETAL_WIDT         0.006      0.003      2.316      0.021

 Means
    SEPAL_LENG         5.006      0.049    101.439      0.000
    SEPAL_WIDT         3.428      0.053     64.591      0.000
    PETAL_LENG         1.462      0.024     60.132      0.000
    PETAL_WIDT         0.246      0.015     16.673      0.000

 Variances
    SEPAL_LENG         0.122      0.022      5.498      0.000
    SEPAL_WIDT         0.141      0.033      4.267      0.000
    PETAL_LENG         0.030      0.007      4.222      0.000
    PETAL_WIDT         0.011      0.003      3.816      0.000

Latent Class 2

 SEPAL_LE WITH
    SEPAL_WIDT         0.121      0.027      4.467      0.000
    PETAL_LENG         0.449      0.070      6.377      0.000
    PETAL_WIDT         0.166      0.026      6.282      0.000

 SEPAL_WI WITH
    PETAL_LENG         0.141      0.033      4.330      0.000
    PETAL_WIDT         0.079      0.015      5.295      0.000

 PETAL_LE WITH
    PETAL_WIDT         0.286      0.031      9.107      0.000

 Means
    SEPAL_LENG         6.262      0.066     94.948      0.000
    SEPAL_WIDT         2.872      0.033     86.743      0.000
    PETAL_LENG         4.906      0.082     59.719      0.000
    PETAL_WIDT         1.676      0.042     39.652      0.000

 Variances
    SEPAL_LENG         0.435      0.059      7.332      0.000
    SEPAL_WIDT         0.110      0.017      6.442      0.000
    PETAL_LENG         0.675      0.086      7.822      0.000
    PETAL_WIDT         0.179      0.018     10.148      0.000

Categorical Latent Variables

 Means
    C#1               -0.693      0.173     -4.002      0.000


QUALITY OF NUMERICAL RESULTS

     Condition Number for the Information Matrix              0.542E-04
       (ratio of smallest to largest eigenvalue)


TECHNICAL 1 OUTPUT


     PARAMETER SPECIFICATION FOR LATENT CLASS 1


           NU
              SEPAL_LE      SEPAL_WI      PETAL_LE      PETAL_WI
              ________      ________      ________      ________
                    1             2             3             4


           THETA
              SEPAL_LE      SEPAL_WI      PETAL_LE      PETAL_WI
              ________      ________      ________      ________
 SEPAL_LE           5
 SEPAL_WI           6             7
 PETAL_LE           8             9            10
 PETAL_WI          11            12            13            14


     PARAMETER SPECIFICATION FOR LATENT CLASS 2


           NU
              SEPAL_LE      SEPAL_WI      PETAL_LE      PETAL_WI
              ________      ________      ________      ________
                   15            16            17            18


           THETA
              SEPAL_LE      SEPAL_WI      PETAL_LE      PETAL_WI
              ________      ________      ________      ________
 SEPAL_LE          19
 SEPAL_WI          20            21
 PETAL_LE          22            23            24
 PETAL_WI          25            26            27            28


     PARAMETER SPECIFICATION FOR LATENT CLASS REGRESSION MODEL PART


           ALPHA(C)
              C#1           C#2
              ________      ________
                   29             0


     STARTING VALUES FOR LATENT CLASS 1


           NU
              SEPAL_LE      SEPAL_WI      PETAL_LE      PETAL_WI
              ________      ________      ________      ________
                5.018         2.623         1.999         0.440


           THETA
              SEPAL_LE      SEPAL_WI      PETAL_LE      PETAL_WI
              ________      ________      ________      ________
 SEPAL_LE       0.341
 SEPAL_WI       0.000         0.094
 PETAL_LE       0.000         0.000         1.548
 PETAL_WI       0.000         0.000         0.000         0.289


     STARTING VALUES FOR LATENT CLASS 2


           NU
              SEPAL_LE      SEPAL_WI      PETAL_LE      PETAL_WI
              ________      ________      ________      ________
                6.669         3.492         5.517         1.959


           THETA
              SEPAL_LE      SEPAL_WI      PETAL_LE      PETAL_WI
              ________      ________      ________      ________
 SEPAL_LE       0.341
 SEPAL_WI       0.000         0.094
 PETAL_LE       0.000         0.000         1.548
 PETAL_WI       0.000         0.000         0.000         0.289


     STARTING VALUES FOR LATENT CLASS REGRESSION MODEL PART


           ALPHA(C)
              C#1           C#2
              ________      ________
                0.000         0.000


TECHNICAL 11 OUTPUT

     Random Starts Specifications for the k-1 Class Analysis Model
        Number of initial stage random starts                  20
        Number of final stage optimizations                     4



     VUONG-LO-MENDELL-RUBIN LIKELIHOOD RATIO TEST FOR 1 (H0) VERSUS 2 CLASSES

          H0 Loglikelihood Value                         -379.915
          2 Times the Loglikelihood Difference            331.120
          Difference in the Number of Parameters               15
          Mean                                             24.721
          Standard Deviation                               15.358
          P-Value                                          0.0000

     LO-MENDELL-RUBIN ADJUSTED LRT TEST

          Value                                           326.772
          P-Value                                          0.0000


TECHNICAL 8 OUTPUT


  INITIAL STAGE ITERATIONS


  TECHNICAL 8 OUTPUT FOR UNPERTURBED STARTING VALUE SET


  ITER  LOGLIKELIHOOD    ABS CHANGE   REL CHANGE      CLASS COUNTS    ALGORITHM
     1 -0.83804966D+03    0.0000000    0.0000000     76.218    73.782    EM
     2 -0.31358998D+03  524.4596809    0.6258098     72.893    77.107    EM
     3 -0.29343449D+03   20.1554892    0.0642734     68.072    81.928    EM
     4 -0.28850951D+03    4.9249750    0.0167839     63.772    86.228    EM
     5 -0.28440615D+03    4.1033621    0.0142226     59.801    90.199    EM
     6 -0.27880077D+03    5.6053849    0.0197091     55.888    94.112    EM
     7 -0.26858493D+03   10.2158387    0.0366421     52.102    97.898    EM
     8 -0.24555141D+03   23.0335191    0.0857588     50.007    99.993    EM
     9 -0.21436223D+03   31.1891762    0.1270169     49.999   100.001    EM
    10 -0.21435470D+03    0.0075273    0.0000351     49.999   100.001    EM


  TECHNICAL 8 OUTPUT FOR STARTING VALUE SET 1


  ITER  LOGLIKELIHOOD    ABS CHANGE   REL CHANGE      CLASS COUNTS    ALGORITHM
     1 -0.25059690D+04    0.0000000    0.0000000    133.212    16.788    EM
     2 -0.37432945D+03 2131.6395711    0.8506249    134.491    15.509    EM
     3 -0.36832296D+03    6.0064943    0.0160460    132.983    17.017    EM
     4 -0.36404387D+03    4.2790884    0.0116178    129.597    20.403    EM
     5 -0.36011164D+03    3.9322281    0.0108015    124.855    25.145    EM
     6 -0.35399423D+03    6.1174071    0.0169875    118.660    31.340    EM
     7 -0.34187609D+03   12.1181410    0.0342326    111.317    38.683    EM
     8 -0.29791591D+03   43.9601838    0.1285851    103.153    46.847    EM
     9 -0.22411485D+03   73.8010546    0.2477245    100.333    49.667    EM
    10 -0.21459027D+03    9.5245830    0.0424987    100.003    49.997    EM


  TECHNICAL 8 OUTPUT FOR STARTING VALUE SET 2


  ITER  LOGLIKELIHOOD    ABS CHANGE   REL CHANGE      CLASS COUNTS    ALGORITHM
     1 -0.20629779D+04    0.0000000    0.0000000     49.988   100.012    EM
     2 -0.21442064D+03 1848.5572253    0.8960626     49.999   100.001    EM
     3 -0.21435470D+03    0.0659369    0.0003075     49.999   100.001    EM


  TECHNICAL 8 OUTPUT FOR STARTING VALUE SET 3


  ITER  LOGLIKELIHOOD    ABS CHANGE   REL CHANGE      CLASS COUNTS    ALGORITHM
     1 -0.24556299D+04    0.0000000    0.0000000     50.999    99.001    EM
     2 -0.37972657D+03 2075.9032992    0.8453649     49.244   100.756    EM
     3 -0.37398540D+03    5.7411741    0.0151192     49.035   100.965    EM
     4 -0.37148894D+03    2.4964591    0.0066753     49.595   100.405    EM
     5 -0.36974447D+03    1.7444638    0.0046959     50.592    99.408    EM
     6 -0.36770756D+03    2.0369179    0.0055090     52.004    97.996    EM
     7 -0.36485365D+03    2.8539016    0.0077613     53.875    96.125    EM
     8 -0.36059134D+03    4.2623103    0.0116822     56.286    93.714    EM
     9 -0.35457638D+03    6.0149669    0.0166808     59.274    90.726    EM
    10 -0.34718238D+03    7.3939968    0.0208530     62.438    87.562    EM


  TECHNICAL 8 OUTPUT FOR STARTING VALUE SET 4


  ITER  LOGLIKELIHOOD    ABS CHANGE   REL CHANGE      CLASS COUNTS    ALGORITHM
     1 -0.17898091D+04    0.0000000    0.0000000    137.264    12.736    EM
     2 -0.36892372D+03 1420.8854074    0.7938754    136.848    13.152    EM
     3 -0.36742155D+03    1.5021708    0.0040718    135.426    14.574    EM
     4 -0.36594198D+03    1.4795727    0.0040269    133.219    16.781    EM
     5 -0.36383031D+03    2.1116671    0.0057705    130.070    19.930    EM
     6 -0.36063753D+03    3.1927808    0.0087755    125.773    24.227    EM
     7 -0.35548700D+03    5.1505311    0.0142817    120.040    29.960    EM
     8 -0.34566005D+03    9.8269429    0.0276436    112.941    37.059    EM
     9 -0.31425966D+03   31.4003981    0.0908418    104.796    45.204    EM
    10 -0.23064225D+03   83.6174096    0.2660775    100.650    49.350    EM


  TECHNICAL 8 OUTPUT FOR STARTING VALUE SET 5


  ITER  LOGLIKELIHOOD    ABS CHANGE   REL CHANGE      CLASS COUNTS    ALGORITHM
     1 -0.26965157D+04    0.0000000    0.0000000     91.998    58.002    EM
     2 -0.31371139D+03 2382.8042722    0.8836605     87.034    62.966    EM
     3 -0.30452993D+03    9.1814579    0.0292672     81.283    68.717    EM
     4 -0.29834983D+03    6.1800990    0.0202939     76.049    73.951    EM
     5 -0.29425026D+03    4.0995720    0.0137408     71.339    78.661    EM
     6 -0.29098156D+03    3.2686978    0.0111086     67.162    82.838    EM
     7 -0.28797665D+03    3.0049173    0.0103268     63.357    86.643    EM
     8 -0.28448530D+03    3.4913494    0.0121237     59.620    90.380    EM
     9 -0.27898325D+03    5.5020510    0.0193404     55.777    94.223    EM
    10 -0.26850788D+03   10.4753642    0.0375484     52.009    97.991    EM


  TECHNICAL 8 OUTPUT FOR STARTING VALUE SET 6


  ITER  LOGLIKELIHOOD    ABS CHANGE   REL CHANGE      CLASS COUNTS    ALGORITHM
     1 -0.32221201D+04    0.0000000    0.0000000     37.838   112.162    EM
     2 -0.37235683D+03 2849.7633151    0.8844373     36.136   113.864    EM
     3 -0.36685014D+03    5.5066910    0.0147887     36.342   113.658    EM
     4 -0.36281131D+03    4.0388334    0.0110095     37.953   112.047    EM
     5 -0.35961873D+03    3.1925794    0.0087996     40.497   109.503    EM
     6 -0.35632733D+03    3.2913979    0.0091525     43.754   106.246    EM
     7 -0.35239953D+03    3.9278040    0.0110230     47.608   102.392    EM
     8 -0.34721592D+03    5.1836099    0.0147095     51.916    98.084    EM
     9 -0.33974946D+03    7.4664531    0.0215038     56.321    93.679    EM
    10 -0.32434165D+03   15.4078173    0.0453505     60.015    89.985    EM


  TECHNICAL 8 OUTPUT FOR STARTING VALUE SET 7


  ITER  LOGLIKELIHOOD    ABS CHANGE   REL CHANGE      CLASS COUNTS    ALGORITHM
     1 -0.24087996D+04    0.0000000    0.0000000     12.146   137.854    EM
     2 -0.37586858D+03 2032.9310193    0.8439602     12.241   137.759    EM
     3 -0.37384756D+03    2.0210171    0.0053769     13.087   136.913    EM
     4 -0.37142111D+03    2.4264562    0.0064905     14.336   135.664    EM
     5 -0.36837468D+03    3.0464230    0.0082021     16.075   133.925    EM
     6 -0.36740401D+03    0.9706764    0.0026350     17.477   132.523    EM


  TECHNICAL 8 OUTPUT FOR STARTING VALUE SET 8


  ITER  LOGLIKELIHOOD    ABS CHANGE   REL CHANGE      CLASS COUNTS    ALGORITHM
     1 -0.16635455D+04    0.0000000    0.0000000     93.176    56.824    EM
     2 -0.37409058D+03 1289.4549413    0.7751245     93.892    56.108    EM
     3 -0.36922119D+03    4.8693838    0.0130166     94.518    55.482    EM
     4 -0.36639187D+03    2.8293255    0.0076630     95.481    54.519    EM
     5 -0.36429920D+03    2.0926703    0.0057116     96.667    53.333    EM
     6 -0.36192347D+03    2.3757232    0.0065214     98.002    51.998    EM
     7 -0.35813545D+03    3.7880270    0.0104664     99.476    50.524    EM
     8 -0.34822154D+03    9.9139124    0.0276820     99.846    50.154    EM
     9 -0.32478873D+03   23.4328049    0.0672928     94.854    55.146    EM
    10 -0.31657014D+03    8.2185882    0.0253044     88.819    61.181    EM


  TECHNICAL 8 OUTPUT FOR STARTING VALUE SET 9


  ITER  LOGLIKELIHOOD    ABS CHANGE   REL CHANGE      CLASS COUNTS    ALGORITHM
     1 -0.17735073D+04    0.0000000    0.0000000     32.747   117.253    EM
     2 -0.37042537D+03 1403.0819050    0.7911340     31.773   118.227    EM
     3 -0.36406483D+03    6.3605363    0.0171709     33.456   116.544    EM
     4 -0.35813458D+03    5.9302482    0.0162890     36.919   113.081    EM
     5 -0.35317025D+03    4.9643360    0.0138616     40.934   109.066    EM
     6 -0.34756500D+03    5.6052441    0.0158712     45.238   104.762    EM
     7 -0.33945368D+03    8.1113217    0.0233376     49.501   100.499    EM
     8 -0.32349918D+03   15.9545035    0.0470005     53.448    96.552    EM
     9 -0.28710781D+03   36.3913703    0.1124929     52.929    97.071    EM
    10 -0.25492685D+03   32.1809576    0.1120867     50.142    99.858    EM


  TECHNICAL 8 OUTPUT FOR STARTING VALUE SET 10


  ITER  LOGLIKELIHOOD    ABS CHANGE   REL CHANGE      CLASS COUNTS    ALGORITHM
     1 -0.14164766D+04    0.0000000    0.0000000    138.113    11.887    EM
     2 -0.35657505D+03 1059.9015938    0.7482662    134.302    15.698    EM
     3 -0.34839324D+03    8.1818034    0.0229455    129.741    20.259    EM
     4 -0.33803386D+03   10.3593804    0.0297347    125.214    24.786    EM
     5 -0.33054359D+03    7.4902725    0.0221583    122.067    27.933    EM
     6 -0.32750085D+03    3.0427405    0.0092053    119.589    30.411    EM
     7 -0.32475079D+03    2.7500586    0.0083971    116.683    33.317    EM
     8 -0.32096019D+03    3.7906024    0.0116723    112.991    37.009    EM
     9 -0.31553512D+03    5.4250747    0.0169026    108.841    41.159    EM
    10 -0.31098471D+03    4.5504087    0.0144212    105.581    44.419    EM


  TECHNICAL 8 OUTPUT FOR STARTING VALUE SET 11


  ITER  LOGLIKELIHOOD    ABS CHANGE   REL CHANGE      CLASS COUNTS    ALGORITHM
     1 -0.37140428D+04    0.0000000    0.0000000     70.740    79.260    EM
     2 -0.29672763D+03 3417.3152173    0.9201066     64.630    85.370    EM
     3 -0.28646550D+03   10.2621325    0.0345844     59.423    90.577    EM
     4 -0.27776869D+03    8.6968111    0.0303590     55.087    94.913    EM
     5 -0.26511429D+03   12.6543994    0.0455573     51.415    98.585    EM
     6 -0.23760228D+03   27.5120111    0.1037742     50.000   100.000    EM
     7 -0.21435471D+03   23.2475667    0.0978424     49.999   100.001    EM
     8 -0.21435470D+03    0.0000046    0.0000000     49.999   100.001    EM


  TECHNICAL 8 OUTPUT FOR STARTING VALUE SET 12


  ITER  LOGLIKELIHOOD    ABS CHANGE   REL CHANGE      CLASS COUNTS    ALGORITHM
     1 -0.16987643D+04    0.0000000    0.0000000     72.881    77.119    EM
     2 -0.29648884D+03 1402.2755003    0.8254679     67.205    82.795    EM
     3 -0.28775244D+03    8.7364033    0.0294662     62.334    87.666    EM
     4 -0.28225753D+03    5.4949041    0.0190959     58.087    91.913    EM
     5 -0.27478503D+03    7.4725059    0.0264741     54.111    95.889    EM
     6 -0.26040356D+03   14.3814676    0.0523372     50.615    99.385    EM
     7 -0.22559860D+03   34.8049611    0.1336578     49.999   100.001    EM
     8 -0.21435470D+03   11.2438958    0.0498403     49.999   100.001    EM
     9 -0.21435470D+03    0.0000000    0.0000000     49.999   100.001    EM


  TECHNICAL 8 OUTPUT FOR STARTING VALUE SET 13


  ITER  LOGLIKELIHOOD    ABS CHANGE   REL CHANGE      CLASS COUNTS    ALGORITHM
     1 -0.20390549D+04    0.0000000    0.0000000     57.096    92.904    EM
     2 -0.37081932D+03 1668.2355728    0.8181416     57.007    92.993    EM
     3 -0.36328554D+03    7.5337768    0.0203166     58.086    91.914    EM
     4 -0.35663996D+03    6.6455798    0.0182930     60.243    89.757    EM
     5 -0.34989977D+03    6.7401877    0.0188991     63.034    86.966    EM
     6 -0.34149655D+03    8.4032180    0.0240161     65.911    84.089    EM
     7 -0.32481019D+03   16.6863601    0.0488625     67.612    82.388    EM
     8 -0.29659558D+03   28.2146124    0.0868649     65.110    84.890    EM
     9 -0.28683351D+03    9.7620720    0.0329137     61.523    88.477    EM
    10 -0.28258662D+03    4.2468874    0.0148061     57.829    92.171    EM


  TECHNICAL 8 OUTPUT FOR STARTING VALUE SET 14


  ITER  LOGLIKELIHOOD    ABS CHANGE   REL CHANGE      CLASS COUNTS    ALGORITHM
     1 -0.24843731D+04    0.0000000    0.0000000     30.765   119.235    EM
     2 -0.36815204D+03 2116.2210424    0.8518129     30.422   119.578    EM
     3 -0.36339676D+03    4.7552765    0.0129166     33.218   116.782    EM
     4 -0.35851625D+03    4.8805116    0.0134303     37.896   112.104    EM
     5 -0.35283714D+03    5.6791149    0.0158406     42.972   107.028    EM
     6 -0.34743927D+03    5.3978683    0.0152985     47.696   102.304    EM
     7 -0.33986211D+03    7.5771562    0.0218086     52.428    97.572    EM
     8 -0.33144114D+03    8.4209686    0.0247776     56.098    93.902    EM
     9 -0.32718692D+03    4.2542194    0.0128355     58.663    91.337    EM
    10 -0.32518168D+03    2.0052427    0.0061287     60.197    89.803    EM


  TECHNICAL 8 OUTPUT FOR STARTING VALUE SET 15


  ITER  LOGLIKELIHOOD    ABS CHANGE   REL CHANGE      CLASS COUNTS    ALGORITHM
     1 -0.19648838D+04    0.0000000    0.0000000     50.067    99.933    EM
     2 -0.22120311D+03 1743.6807106    0.8874218     49.999   100.001    EM
     3 -0.21435471D+03    6.8484056    0.0309598     49.999   100.001    EM
     4 -0.21435470D+03    0.0000013    0.0000000     49.999   100.001    EM


  TECHNICAL 8 OUTPUT FOR STARTING VALUE SET 16


  ITER  LOGLIKELIHOOD    ABS CHANGE   REL CHANGE      CLASS COUNTS    ALGORITHM
     1 -0.20324969D+04    0.0000000    0.0000000     27.663   122.337    EM
     2 -0.36762799D+03 1664.8689186    0.8191249     28.864   121.136    EM
     3 -0.36457728D+03    3.0507096    0.0082984     31.868   118.132    EM
     4 -0.36144017D+03    3.1371104    0.0086048     36.020   113.980    EM
     5 -0.35805925D+03    3.3809252    0.0093540     40.697   109.303    EM
     6 -0.35439616D+03    3.6630910    0.0102304     45.403   104.597    EM
     7 -0.35014290D+03    4.2532524    0.0120014     49.860   100.140    EM
     8 -0.34557691D+03    4.5659962    0.0130404     54.152    95.848    EM
     9 -0.33933355D+03    6.2433628    0.0180665     58.363    91.637    EM
    10 -0.33305021D+03    6.2833322    0.0185167     61.923    88.077    EM


  TECHNICAL 8 OUTPUT FOR STARTING VALUE SET 17


  ITER  LOGLIKELIHOOD    ABS CHANGE   REL CHANGE      CLASS COUNTS    ALGORITHM
     1 -0.19893387D+04    0.0000000    0.0000000     48.831   101.169    EM
     2 -0.21687795D+03 1772.4607223    0.8909799     49.931   100.069    EM
     3 -0.21436510D+03    2.5128452    0.0115864     49.999   100.001    EM
     4 -0.21435470D+03    0.0103989    0.0000485     49.999   100.001    EM


  TECHNICAL 8 OUTPUT FOR STARTING VALUE SET 18


  ITER  LOGLIKELIHOOD    ABS CHANGE   REL CHANGE      CLASS COUNTS    ALGORITHM
     1 -0.17896236D+04    0.0000000    0.0000000    132.749    17.251    EM
     2 -0.34438859D+03 1445.2349905    0.8075637    128.186    21.814    EM
     3 -0.33361986D+03   10.7687289    0.0312691    125.111    24.889    EM
     4 -0.33044182D+03    3.1780443    0.0095259    122.947    27.053    EM
     5 -0.32845137D+03    1.9904532    0.0060236    120.724    29.276    EM
     6 -0.32585075D+03    2.6006148    0.0079178    117.942    32.058    EM
     7 -0.32255244D+03    3.2983145    0.0101222    114.574    35.426    EM
     8 -0.31792032D+03    4.6321214    0.0143608    110.489    39.511    EM
     9 -0.31253028D+03    5.3900367    0.0169540    106.724    43.276    EM
    10 -0.30931536D+03    3.2149170    0.0102867    104.221    45.779    EM


  TECHNICAL 8 OUTPUT FOR STARTING VALUE SET 19


  ITER  LOGLIKELIHOOD    ABS CHANGE   REL CHANGE      CLASS COUNTS    ALGORITHM
     1 -0.20316686D+04    0.0000000    0.0000000    125.523    24.477    EM
     2 -0.37615330D+03 1655.5153542    0.8148550    126.225    23.775    EM
     3 -0.37474089D+03    1.4124050    0.0037549    125.753    24.247    EM
     4 -0.37402072D+03    0.7201692    0.0019218    124.713    25.287    EM


  TECHNICAL 8 OUTPUT FOR STARTING VALUE SET 20


  ITER  LOGLIKELIHOOD    ABS CHANGE   REL CHANGE      CLASS COUNTS    ALGORITHM
     1 -0.33713889D+04    0.0000000    0.0000000    123.323    26.677    EM
     2 -0.36701682D+03 3004.3720522    0.8911378    124.516    25.484    EM
     3 -0.36527904D+03    1.7377750    0.0047349    125.110    24.890    EM
     4 -0.36455960D+03    0.7194430    0.0019696    125.642    24.358    EM


  FINAL STAGE ITERATIONS


  TECHNICAL 8 OUTPUT FOR UNPERTURBED STARTING VALUE SET


    10 -0.21435470D+03    0.0075273    0.0000351     49.999   100.001    EM
    11 -0.21435470D+03    0.0000000    0.0000000     49.999   100.001    EM


  TECHNICAL 8 OUTPUT FOR STARTING VALUE SET 11


     8 -0.21435470D+03    0.0000046    0.0000000     49.999   100.001    EM
     9 -0.21435470D+03    0.0000000    0.0000000     49.999   100.001    EM


  TECHNICAL 8 OUTPUT FOR STARTING VALUE SET 15


     4 -0.21435470D+03    0.0000013    0.0000000     49.999   100.001    EM
     5 -0.21435470D+03    0.0000000    0.0000000     49.999   100.001    EM


  TECHNICAL 8 OUTPUT FOR STARTING VALUE SET 12


     9 -0.21435470D+03    0.0000000    0.0000000     49.999   100.001    EM
    10 -0.21435470D+03    0.0000000    0.0000000     49.999   100.001    EM


  TECHNICAL 8 OUTPUT FOR THE H0 MODEL WITH ONE LESS CLASS


  INITIAL STAGE ITERATIONS


  TECHNICAL 8 OUTPUT FOR UNPERTURBED STARTING VALUE SET


  ITER  LOGLIKELIHOOD    ABS CHANGE   REL CHANGE      CLASS COUNTS    ALGORITHM
     1 -0.12440514D+04    0.0000000    0.0000000      0.000   150.000    EM
     2 -0.37991463D+03  864.1367574    0.6946150      0.000   150.000    EM
     3 -0.37991463D+03    0.0000000    0.0000000      0.000   150.000    EM


  TECHNICAL 8 OUTPUT FOR STARTING VALUE SET 1


  ITER  LOGLIKELIHOOD    ABS CHANGE   REL CHANGE      CLASS COUNTS    ALGORITHM
     1 -0.49581191D+04    0.0000000    0.0000000      0.000   150.000    EM
     2 -0.37991463D+03 4578.2044380    0.9233753      0.000   150.000    EM
     3 -0.37991463D+03    0.0000000    0.0000000      0.000   150.000    EM


  TECHNICAL 8 OUTPUT FOR STARTING VALUE SET 2


  ITER  LOGLIKELIHOOD    ABS CHANGE   REL CHANGE      CLASS COUNTS    ALGORITHM
     1 -0.58514163D+04    0.0000000    0.0000000      0.000   150.000    EM
     2 -0.37991463D+03 5471.5016275    0.9350730      0.000   150.000    EM
     3 -0.37991463D+03    0.0000000    0.0000000      0.000   150.000    EM


  TECHNICAL 8 OUTPUT FOR STARTING VALUE SET 3


  ITER  LOGLIKELIHOOD    ABS CHANGE   REL CHANGE      CLASS COUNTS    ALGORITHM
     1 -0.11758808D+05    0.0000000    0.0000000      0.000   150.000    EM
     2 -0.37991463D+03 ************    0.9676911      0.000   150.000    EM
     3 -0.37991463D+03    0.0000000    0.0000000      0.000   150.000    EM


  TECHNICAL 8 OUTPUT FOR STARTING VALUE SET 4


  ITER  LOGLIKELIHOOD    ABS CHANGE   REL CHANGE      CLASS COUNTS    ALGORITHM
     1 -0.12047936D+05    0.0000000    0.0000000      0.000   150.000    EM
     2 -0.37991463D+03 ************    0.9684664      0.000   150.000    EM
     3 -0.37991463D+03    0.0000000    0.0000000      0.000   150.000    EM


  TECHNICAL 8 OUTPUT FOR STARTING VALUE SET 5


  ITER  LOGLIKELIHOOD    ABS CHANGE   REL CHANGE      CLASS COUNTS    ALGORITHM
     1 -0.79192199D+04    0.0000000    0.0000000      0.000   150.000    EM
     2 -0.37991463D+03 7539.3052914    0.9520263      0.000   150.000    EM
     3 -0.37991463D+03    0.0000000    0.0000000      0.000   150.000    EM


  TECHNICAL 8 OUTPUT FOR STARTING VALUE SET 6


  ITER  LOGLIKELIHOOD    ABS CHANGE   REL CHANGE      CLASS COUNTS    ALGORITHM
     1 -0.44201931D+04    0.0000000    0.0000000      0.000   150.000    EM
     2 -0.37991463D+03 4040.2784480    0.9140502      0.000   150.000    EM
     3 -0.37991463D+03    0.0000000    0.0000000      0.000   150.000    EM


  TECHNICAL 8 OUTPUT FOR STARTING VALUE SET 7


  ITER  LOGLIKELIHOOD    ABS CHANGE   REL CHANGE      CLASS COUNTS    ALGORITHM
     1 -0.67162796D+04    0.0000000    0.0000000      0.000   150.000    EM
     2 -0.37991463D+03 6336.3649989    0.9434338      0.000   150.000    EM
     3 -0.37991463D+03    0.0000000    0.0000000      0.000   150.000    EM


  TECHNICAL 8 OUTPUT FOR STARTING VALUE SET 8


  ITER  LOGLIKELIHOOD    ABS CHANGE   REL CHANGE      CLASS COUNTS    ALGORITHM
     1 -0.27120426D+04    0.0000000    0.0000000      0.000   150.000    EM
     2 -0.37991463D+03 2332.1279420    0.8599157      0.000   150.000    EM
     3 -0.37991463D+03    0.0000000    0.0000000      0.000   150.000    EM


  TECHNICAL 8 OUTPUT FOR STARTING VALUE SET 9


  ITER  LOGLIKELIHOOD    ABS CHANGE   REL CHANGE      CLASS COUNTS    ALGORITHM
     1 -0.11933394D+04    0.0000000    0.0000000      0.000   150.000    EM
     2 -0.37991463D+03  813.4247419    0.6816374      0.000   150.000    EM
     3 -0.37991463D+03    0.0000000    0.0000000      0.000   150.000    EM


  TECHNICAL 8 OUTPUT FOR STARTING VALUE SET 10


  ITER  LOGLIKELIHOOD    ABS CHANGE   REL CHANGE      CLASS COUNTS    ALGORITHM
     1 -0.11018577D+05    0.0000000    0.0000000      0.000   150.000    EM
     2 -0.37991463D+03 ************    0.9655205      0.000   150.000    EM
     3 -0.37991463D+03    0.0000000    0.0000000      0.000   150.000    EM


  TECHNICAL 8 OUTPUT FOR STARTING VALUE SET 11


  ITER  LOGLIKELIHOOD    ABS CHANGE   REL CHANGE      CLASS COUNTS    ALGORITHM
     1 -0.31485961D+05    0.0000000    0.0000000      0.000   150.000    EM
     2 -0.37991463D+03 ************    0.9879338      0.000   150.000    EM
     3 -0.37991463D+03    0.0000000    0.0000000      0.000   150.000    EM


  TECHNICAL 8 OUTPUT FOR STARTING VALUE SET 12


  ITER  LOGLIKELIHOOD    ABS CHANGE   REL CHANGE      CLASS COUNTS    ALGORITHM
     1 -0.54094512D+04    0.0000000    0.0000000      0.000   150.000    EM
     2 -0.37991463D+03 5029.5365385    0.9297684      0.000   150.000    EM
     3 -0.37991463D+03    0.0000000    0.0000000      0.000   150.000    EM


  TECHNICAL 8 OUTPUT FOR STARTING VALUE SET 13


  ITER  LOGLIKELIHOOD    ABS CHANGE   REL CHANGE      CLASS COUNTS    ALGORITHM
     1 -0.89100810D+04    0.0000000    0.0000000      0.000   150.000    EM
     2 -0.37991463D+03 8530.1663823    0.9573613      0.000   150.000    EM
     3 -0.37991463D+03    0.0000000    0.0000000      0.000   150.000    EM


  TECHNICAL 8 OUTPUT FOR STARTING VALUE SET 14


  ITER  LOGLIKELIHOOD    ABS CHANGE   REL CHANGE      CLASS COUNTS    ALGORITHM
     1 -0.25208570D+04    0.0000000    0.0000000      0.000   150.000    EM
     2 -0.37991463D+03 2140.9423245    0.8492915      0.000   150.000    EM
     3 -0.37991463D+03    0.0000000    0.0000000      0.000   150.000    EM


  TECHNICAL 8 OUTPUT FOR STARTING VALUE SET 15


  ITER  LOGLIKELIHOOD    ABS CHANGE   REL CHANGE      CLASS COUNTS    ALGORITHM
     1 -0.79967104D+04    0.0000000    0.0000000      0.000   150.000    EM
     2 -0.37991463D+03 7616.7957478    0.9524911      0.000   150.000    EM
     3 -0.37991463D+03    0.0000000    0.0000000      0.000   150.000    EM


  TECHNICAL 8 OUTPUT FOR STARTING VALUE SET 16


  ITER  LOGLIKELIHOOD    ABS CHANGE   REL CHANGE      CLASS COUNTS    ALGORITHM
     1 -0.13167058D+05    0.0000000    0.0000000      0.000   150.000    EM
     2 -0.37991463D+03 ************    0.9711466      0.000   150.000    EM
     3 -0.37991463D+03    0.0000000    0.0000000      0.000   150.000    EM


  TECHNICAL 8 OUTPUT FOR STARTING VALUE SET 17


  ITER  LOGLIKELIHOOD    ABS CHANGE   REL CHANGE      CLASS COUNTS    ALGORITHM
     1 -0.56553857D+04    0.0000000    0.0000000      0.000   150.000    EM
     2 -0.37991463D+03 5275.4710265    0.9328225      0.000   150.000    EM
     3 -0.37991463D+03    0.0000000    0.0000000      0.000   150.000    EM


  TECHNICAL 8 OUTPUT FOR STARTING VALUE SET 18


  ITER  LOGLIKELIHOOD    ABS CHANGE   REL CHANGE      CLASS COUNTS    ALGORITHM
     1 -0.29049252D+04    0.0000000    0.0000000      0.000   150.000    EM
     2 -0.37991463D+03 2525.0105473    0.8692171      0.000   150.000    EM
     3 -0.37991463D+03    0.0000000    0.0000000      0.000   150.000    EM


  TECHNICAL 8 OUTPUT FOR STARTING VALUE SET 19


  ITER  LOGLIKELIHOOD    ABS CHANGE   REL CHANGE      CLASS COUNTS    ALGORITHM
     1 -0.65236737D+04    0.0000000    0.0000000      0.000   150.000    EM
     2 -0.37991463D+03 6143.7590565    0.9417637      0.000   150.000    EM
     3 -0.37991463D+03    0.0000000    0.0000000      0.000   150.000    EM


  TECHNICAL 8 OUTPUT FOR STARTING VALUE SET 20


  ITER  LOGLIKELIHOOD    ABS CHANGE   REL CHANGE      CLASS COUNTS    ALGORITHM
     1 -0.92382939D+04    0.0000000    0.0000000      0.000   150.000    EM
     2 -0.37991463D+03 8858.3792514    0.9588761      0.000   150.000    EM
     3 -0.37991463D+03    0.0000000    0.0000000      0.000   150.000    EM


  FINAL STAGE ITERATIONS


  TECHNICAL 8 OUTPUT FOR UNPERTURBED STARTING VALUE SET


     3 -0.37991463D+03    0.0000000    0.0000000      0.000   150.000    EM
     4 -0.37991463D+03    0.0000000    0.0000000      0.000   150.000    EM


  TECHNICAL 8 OUTPUT FOR STARTING VALUE SET 1


     3 -0.37991463D+03    0.0000000    0.0000000      0.000   150.000    EM
     4 -0.37991463D+03    0.0000000    0.0000000      0.000   150.000    EM


  TECHNICAL 8 OUTPUT FOR STARTING VALUE SET 19


     3 -0.37991463D+03    0.0000000    0.0000000      0.000   150.000    EM
     4 -0.37991463D+03    0.0000000    0.0000000      0.000   150.000    EM


  TECHNICAL 8 OUTPUT FOR STARTING VALUE SET 15


     3 -0.37991463D+03    0.0000000    0.0000000      0.000   150.000    EM
     4 -0.37991463D+03    0.0000000    0.0000000      0.000   150.000    EM


     Beginning Time:  13:15:45
        Ending Time:  13:15:45
       Elapsed Time:  00:00:00



MUTHEN & MUTHEN
3463 Stoner Ave.
Los Angeles, CA  90066

Tel: (310) 391-9971
Fax: (310) 391-8971
Web: www.StatModel.com
Support: Support@StatModel.com

Copyright (c) 1998-2017 Muthen & Muthen
